<?xml version="1.0" encoding="UTF-8"?>
<testsuite name="CricketAnalyserTest" tests="1" skipped="0" failures="0" errors="0" timestamp="2020-01-21T11:38:34" hostname="admin1-HP-EliteBook-Folio-9480m" time="0.543">
  <properties/>
  <testcase name="givenLeagueDataCSVFIle_shouldReturnExactCount" classname="CricketAnalyserTest" time="0.543"/>
  <system-out><![CDATA[]]></system-out>
  <system-err><![CDATA[]]></system-err>
</testsuite>
