<?xml version="1.0" encoding="UTF-8"?>
<testsuite name="BowlerAnalyserTest" tests="1" skipped="0" failures="0" errors="0" timestamp="2020-01-23T07:23:41" hostname="admin1-HP-EliteBook-Folio-9480m" time="0.455">
  <properties/>
  <testcase name="whenGivenBowlerCSV_sortingStrikeRateOnFiveAndFourWicktes_shouldReturnStrikingRate" classname="BowlerAnalyserTest" time="0.455"/>
  <system-out><![CDATA[Krishnappa Gowtham
]]></system-out>
  <system-err><![CDATA[]]></system-err>
</testsuite>
