<?xml version="1.0" encoding="UTF-8"?>
<testsuite name="BowlerAnalyserTest" tests="1" skipped="0" failures="0" errors="0" timestamp="2020-01-24T06:52:01" hostname="admin1-HP-EliteBook-Folio-9480m" time="0.861">
  <properties/>
  <testcase name="givenLeagueBowlerAndBatsmanCSVFile_whenSorted_ShouldReturnAllRounder" classname="BowlerAnalyserTest" time="0.861"/>
  <system-out><![CDATA[]]></system-out>
  <system-err><![CDATA[]]></system-err>
</testsuite>
