<?xml version="1.0" encoding="UTF-8"?>
<testsuite name="CricketLeagueMockTest" tests="3" skipped="0" failures="0" errors="0" timestamp="2020-02-08T08:34:05" hostname="admin1-LIVA-Z2V" time="0.213">
  <properties/>
  <testcase name="givenSampleBattingData_ShouldReturnData" classname="CricketLeagueMockTest" time="0.206"/>
  <testcase name="givenBowlerDataCSVFIle_shouldReturnExactCount" classname="CricketLeagueMockTest" time="0.003"/>
  <testcase name="givenBatsmanDataCSVFIle_shouldReturnExactCount" classname="CricketLeagueMockTest" time="0.001"/>
  <system-out><![CDATA[]]></system-out>
  <system-err><![CDATA[]]></system-err>
</testsuite>
