<?xml version="1.0" encoding="UTF-8"?>
<testsuite name="CricketLeagueMockTest" tests="1" skipped="0" failures="0" errors="0" timestamp="2020-02-07T09:11:33" hostname="admin1-LIVA-Z2V" time="0.208">
  <properties/>
  <testcase name="givenBowlerDataCSVFIle_shouldReturnExactCount" classname="CricketLeagueMockTest" time="0.208"/>
  <system-out><![CDATA[]]></system-out>
  <system-err><![CDATA[]]></system-err>
</testsuite>
