<?xml version="1.0" encoding="UTF-8"?>
<testsuite name="BowlerAnalyserTest" tests="11" skipped="0" failures="0" errors="0" timestamp="2020-01-24T07:15:34" hostname="admin1-HP-EliteBook-Folio-9480m" time="1.516">
  <properties/>
  <testcase name="givenIndiaCSVFile_whenCorrectButTypeIncorrect_ShouldReturnCustomException" classname="BowlerAnalyserTest" time="0.059"/>
  <testcase name="whenGivenBowlerCSV_whenSortOnEconomy_shouldReturnBestEconomy" classname="BowlerAnalyserTest" time="0.46"/>
  <testcase name="whenGivenBowlerCSV_ifDataLoad_shouldReturnExactCount" classname="BowlerAnalyserTest" time="0.131"/>
  <testcase name="givenLeagueData_withWrongFile_shouldThrowException" classname="BowlerAnalyserTest" time="0.035"/>
  <testcase name="whenGivenBowlerCSV_whenSortOnStrikeRate_shouldReturnTopStrikeRate" classname="BowlerAnalyserTest" time="0.196"/>
  <testcase name="whenGivenBowlerCSV_sortingStrikeRateOnFiveAndFourWicktes_shouldReturnStrikingRate" classname="BowlerAnalyserTest" time="0.129"/>
  <testcase name="whenGivenBowlerCSV_sortOnBowlingAverageWithStrikeRate_shouldReturnResult" classname="BowlerAnalyserTest" time="0.129"/>
  <testcase name="whenGivenCSVFileCorrect_butDelimiterIncorrect_shouldReturnCustomException" classname="BowlerAnalyserTest" time="0.009"/>
  <testcase name="whenGivenCSVFileCorrect_butCSVHeaderIncorrect_shouldReturnCustomException" classname="BowlerAnalyserTest" time="0.007"/>
  <testcase name="whenGivenBowlerCSV_whoTookMaximumWktsWithBestStrikeRate_shouldReturnSortedData" classname="BowlerAnalyserTest" time="0.187"/>
  <testcase name="whenGivenBowlerCSV_whenSortOnAverage_shouldReturnTopAverage" classname="BowlerAnalyserTest" time="0.17"/>
  <system-out><![CDATA[]]></system-out>
  <system-err><![CDATA[cricketAnalyser.CricketAnalyserException: Error capturing CSV header!
	at cricketAnalyser.CricketAdapter.loadCricketData(CricketAdapter.java:45)
	at cricketAnalyser.BatsmanAdapter.loadCricketData(BatsmanAdapter.java:22)
	at cricketAnalyser.CricketAdapterFactory.getCricketData(CricketAdapterFactory.java:10)
	at cricketAnalyser.CricketAnalyser.loadCricketData(CricketAnalyser.java:25)
	at BowlerAnalyserTest.givenIndiaCSVFile_whenCorrectButTypeIncorrect_ShouldReturnCustomException(BowlerAnalyserTest.java:34)
	at sun.reflect.NativeMethodAccessorImpl.invoke0(Native Method)
	at sun.reflect.NativeMethodAccessorImpl.invoke(NativeMethodAccessorImpl.java:62)
	at sun.reflect.DelegatingMethodAccessorImpl.invoke(DelegatingMethodAccessorImpl.java:43)
	at java.lang.reflect.Method.invoke(Method.java:498)
	at org.junit.runners.model.FrameworkMethod$1.runReflectiveCall(FrameworkMethod.java:50)
	at org.junit.internal.runners.model.ReflectiveCallable.run(ReflectiveCallable.java:12)
	at org.junit.runners.model.FrameworkMethod.invokeExplosively(FrameworkMethod.java:47)
	at org.junit.internal.runners.statements.InvokeMethod.evaluate(InvokeMethod.java:17)
	at org.junit.runners.ParentRunner.runLeaf(ParentRunner.java:325)
	at org.junit.runners.BlockJUnit4ClassRunner.runChild(BlockJUnit4ClassRunner.java:78)
	at org.junit.runners.BlockJUnit4ClassRunner.runChild(BlockJUnit4ClassRunner.java:57)
	at org.junit.runners.ParentRunner$3.run(ParentRunner.java:290)
	at org.junit.runners.ParentRunner$1.schedule(ParentRunner.java:71)
	at org.junit.runners.ParentRunner.runChildren(ParentRunner.java:288)
	at org.junit.runners.ParentRunner.access$000(ParentRunner.java:58)
	at org.junit.runners.ParentRunner$2.evaluate(ParentRunner.java:268)
	at org.junit.runners.ParentRunner.run(ParentRunner.java:363)
	at org.gradle.api.internal.tasks.testing.junit.JUnitTestClassExecutor.runTestClass(JUnitTestClassExecutor.java:106)
	at org.gradle.api.internal.tasks.testing.junit.JUnitTestClassExecutor.execute(JUnitTestClassExecutor.java:58)
	at org.gradle.api.internal.tasks.testing.junit.JUnitTestClassExecutor.execute(JUnitTestClassExecutor.java:38)
	at org.gradle.api.internal.tasks.testing.junit.AbstractJUnitTestClassProcessor.processTestClass(AbstractJUnitTestClassProcessor.java:66)
	at org.gradle.api.internal.tasks.testing.SuiteTestClassProcessor.processTestClass(SuiteTestClassProcessor.java:51)
	at sun.reflect.NativeMethodAccessorImpl.invoke0(Native Method)
	at sun.reflect.NativeMethodAccessorImpl.invoke(NativeMethodAccessorImpl.java:62)
	at sun.reflect.DelegatingMethodAccessorImpl.invoke(DelegatingMethodAccessorImpl.java:43)
	at java.lang.reflect.Method.invoke(Method.java:498)
	at org.gradle.internal.dispatch.ReflectionDispatch.dispatch(ReflectionDispatch.java:35)
	at org.gradle.internal.dispatch.ReflectionDispatch.dispatch(ReflectionDispatch.java:24)
	at org.gradle.internal.dispatch.ContextClassLoaderDispatch.dispatch(ContextClassLoaderDispatch.java:32)
	at org.gradle.internal.dispatch.ProxyDispatchAdapter$DispatchingInvocationHandler.invoke(ProxyDispatchAdapter.java:93)
	at com.sun.proxy.$Proxy2.processTestClass(Unknown Source)
	at org.gradle.api.internal.tasks.testing.worker.TestWorker.processTestClass(TestWorker.java:117)
	at sun.reflect.NativeMethodAccessorImpl.invoke0(Native Method)
	at sun.reflect.NativeMethodAccessorImpl.invoke(NativeMethodAccessorImpl.java:62)
	at sun.reflect.DelegatingMethodAccessorImpl.invoke(DelegatingMethodAccessorImpl.java:43)
	at java.lang.reflect.Method.invoke(Method.java:498)
	at org.gradle.internal.dispatch.ReflectionDispatch.dispatch(ReflectionDispatch.java:35)
	at org.gradle.internal.dispatch.ReflectionDispatch.dispatch(ReflectionDispatch.java:24)
	at org.gradle.internal.remote.internal.hub.MessageHubBackedObjectConnection$DispatchWrapper.dispatch(MessageHubBackedObjectConnection.java:155)
	at org.gradle.internal.remote.internal.hub.MessageHubBackedObjectConnection$DispatchWrapper.dispatch(MessageHubBackedObjectConnection.java:137)
	at org.gradle.internal.remote.internal.hub.MessageHub$Handler.run(MessageHub.java:404)
	at org.gradle.internal.concurrent.ExecutorPolicy$CatchAndRecordFailures.onExecute(ExecutorPolicy.java:63)
	at org.gradle.internal.concurrent.ManagedExecutorImpl$1.run(ManagedExecutorImpl.java:46)
	at java.util.concurrent.ThreadPoolExecutor.runWorker(ThreadPoolExecutor.java:1149)
	at java.util.concurrent.ThreadPoolExecutor$Worker.run(ThreadPoolExecutor.java:624)
	at org.gradle.internal.concurrent.ThreadFactoryImpl$ManagedThreadRunnable.run(ThreadFactoryImpl.java:55)
	at java.lang.Thread.run(Thread.java:748)
Exception in thread "pool-3-thread-1" java.lang.RuntimeException: com.opencsv.exceptions.CsvDataTypeMismatchException: Conversion of 100* to int failed.
	at com.opencsv.bean.concurrent.ProcessCsvLine.run(ProcessCsvLine.java:91)
	at java.util.concurrent.ThreadPoolExecutor.runWorker(ThreadPoolExecutor.java:1149)
	at java.util.concurrent.ThreadPoolExecutor$Worker.run(ThreadPoolExecutor.java:624)
	at java.lang.Thread.run(Thread.java:748)
Caused by: com.opencsv.exceptions.CsvDataTypeMismatchException: Conversion of 100* to int failed.
	at com.opencsv.bean.BeanFieldPrimitiveTypes.convert(BeanFieldPrimitiveTypes.java:71)
	at com.opencsv.bean.AbstractBeanField.setFieldValue(AbstractBeanField.java:132)
	at com.opencsv.bean.concurrent.ProcessCsvLine.processField(ProcessCsvLine.java:140)
	at com.opencsv.bean.concurrent.ProcessCsvLine.processLine(ProcessCsvLine.java:126)
	at com.opencsv.bean.concurrent.ProcessCsvLine.run(ProcessCsvLine.java:82)
	... 3 more
Caused by: org.apache.commons.beanutils.ConversionException: Error converting from 'String' to 'Integer' For input string: "100*"
	at org.apache.commons.beanutils.converters.AbstractConverter.handleError(AbstractConverter.java:282)
	at org.apache.commons.beanutils.converters.AbstractConverter.convert(AbstractConverter.java:177)
	at org.apache.commons.beanutils.converters.ConverterFacade.convert(ConverterFacade.java:61)
	at org.apache.commons.beanutils.ConvertUtilsBean.convert(ConvertUtilsBean.java:491)
	at com.opencsv.bean.BeanFieldPrimitiveTypes.convert(BeanFieldPrimitiveTypes.java:63)
	... 7 more
Caused by: java.lang.NumberFormatException: For input string: "100*"
	at java.lang.NumberFormatException.forInputString(NumberFormatException.java:65)
	at java.lang.Integer.parseInt(Integer.java:580)
	at java.lang.Integer.<init>(Integer.java:867)
	at org.apache.commons.beanutils.converters.NumberConverter.toNumber(NumberConverter.java:433)
	at org.apache.commons.beanutils.converters.NumberConverter.convertToType(NumberConverter.java:271)
	at org.apache.commons.beanutils.converters.AbstractConverter.convert(AbstractConverter.java:169)
	... 10 more
Exception in thread "pool-3-thread-4" java.lang.RuntimeException: com.opencsv.exceptions.CsvDataTypeMismatchException: Conversion of 100* to int failed.
	at com.opencsv.bean.concurrent.ProcessCsvLine.run(ProcessCsvLine.java:91)
	at java.util.concurrent.ThreadPoolExecutor.runWorker(ThreadPoolExecutor.java:1149)
	at java.util.concurrent.ThreadPoolExecutor$Worker.run(ThreadPoolExecutor.java:624)
	at java.lang.Thread.run(Thread.java:748)
Caused by: com.opencsv.exceptions.CsvDataTypeMismatchException: Conversion of 100* to int failed.
	at com.opencsv.bean.BeanFieldPrimitiveTypes.convert(BeanFieldPrimitiveTypes.java:71)
	at com.opencsv.bean.AbstractBeanField.setFieldValue(AbstractBeanField.java:132)
	at com.opencsv.bean.concurrent.ProcessCsvLine.processField(ProcessCsvLine.java:140)
	at com.opencsv.bean.concurrent.ProcessCsvLine.processLine(ProcessCsvLine.java:126)
	at com.opencsv.bean.concurrent.ProcessCsvLine.run(ProcessCsvLine.java:82)
	... 3 more
Caused by: org.apache.commons.beanutils.ConversionException: Error converting from 'String' to 'Integer' For input string: "100*"
	at org.apache.commons.beanutils.converters.AbstractConverter.handleError(AbstractConverter.java:282)
	at org.apache.commons.beanutils.converters.AbstractConverter.convert(AbstractConverter.java:177)
	at org.apache.commons.beanutils.converters.ConverterFacade.convert(ConverterFacade.java:61)
	at org.apache.commons.beanutils.ConvertUtilsBean.convert(ConvertUtilsBean.java:491)
	at com.opencsv.bean.BeanFieldPrimitiveTypes.convert(BeanFieldPrimitiveTypes.java:63)
	... 7 more
Caused by: java.lang.NumberFormatException: For input string: "100*"
	at java.lang.NumberFormatException.forInputString(NumberFormatException.java:65)
	at java.lang.Integer.parseInt(Integer.java:580)
	at java.lang.Integer.<init>(Integer.java:867)
	at org.apache.commons.beanutils.converters.NumberConverter.toNumber(NumberConverter.java:433)
	at org.apache.commons.beanutils.converters.NumberConverter.convertToType(NumberConverter.java:271)
	at org.apache.commons.beanutils.converters.AbstractConverter.convert(AbstractConverter.java:169)
	... 10 more
Exception in thread "pool-3-thread-3" java.lang.RuntimeException: com.opencsv.exceptions.CsvDataTypeMismatchException: Conversion of 97* to int failed.
	at com.opencsv.bean.concurrent.ProcessCsvLine.run(ProcessCsvLine.java:91)
	at java.util.concurrent.ThreadPoolExecutor.runWorker(ThreadPoolExecutor.java:1149)
	at java.util.concurrent.ThreadPoolExecutor$Worker.run(ThreadPoolExecutor.java:624)
	at java.lang.Thread.run(Thread.java:748)
Caused by: com.opencsv.exceptions.CsvDataTypeMismatchException: Conversion of 97* to int failed.
	at com.opencsv.bean.BeanFieldPrimitiveTypes.convert(BeanFieldPrimitiveTypes.java:71)
	at com.opencsv.bean.AbstractBeanField.setFieldValue(AbstractBeanField.java:132)
	at com.opencsv.bean.concurrent.ProcessCsvLine.processField(ProcessCsvLine.java:140)
	at com.opencsv.bean.concurrent.ProcessCsvLine.processLine(ProcessCsvLine.java:126)
	at com.opencsv.bean.concurrent.ProcessCsvLine.run(ProcessCsvLine.java:82)
	... 3 more
Caused by: org.apache.commons.beanutils.ConversionException: Error converting from 'String' to 'Integer' For input string: "97*"
	at org.apache.commons.beanutils.converters.AbstractConverter.handleError(AbstractConverter.java:282)
	at org.apache.commons.beanutils.converters.AbstractConverter.convert(AbstractConverter.java:177)
	at org.apache.commons.beanutils.converters.ConverterFacade.convert(ConverterFacade.java:61)
	at org.apache.commons.beanutils.ConvertUtilsBean.convert(ConvertUtilsBean.java:491)
	at com.opencsv.bean.BeanFieldPrimitiveTypes.convert(BeanFieldPrimitiveTypes.java:63)
	... 7 more
Caused by: java.lang.NumberFormatException: For input string: "97*"
	at java.lang.NumberFormatException.forInputString(NumberFormatException.java:65)
	at java.lang.Integer.parseInt(Integer.java:580)
	at java.lang.Integer.<init>(Integer.java:867)
	at org.apache.commons.beanutils.converters.NumberConverter.toNumber(NumberConverter.java:433)
	at org.apache.commons.beanutils.converters.NumberConverter.convertToType(NumberConverter.java:271)
	at org.apache.commons.beanutils.converters.AbstractConverter.convert(AbstractConverter.java:169)
	... 10 more
Exception in thread "pool-7-thread-1" java.lang.RuntimeException: com.opencsv.exceptions.CsvRequiredFieldEmptyException: The following required fields were not present for one record of the input: sixes
	at com.opencsv.bean.concurrent.ProcessCsvLine.run(ProcessCsvLine.java:91)
	at java.util.concurrent.ThreadPoolExecutor.runWorker(ThreadPoolExecutor.java:1149)
	at java.util.concurrent.ThreadPoolExecutor$Worker.run(ThreadPoolExecutor.java:624)
	at java.lang.Thread.run(Thread.java:748)
Caused by: com.opencsv.exceptions.CsvRequiredFieldEmptyException: The following required fields were not present for one record of the input: sixes
	at com.opencsv.bean.HeaderColumnNameMappingStrategy.verifyLineLength(HeaderColumnNameMappingStrategy.java:148)
	at com.opencsv.bean.concurrent.ProcessCsvLine.processLine(ProcessCsvLine.java:122)
	at com.opencsv.bean.concurrent.ProcessCsvLine.run(ProcessCsvLine.java:82)
	... 3 more
]]></system-err>
</testsuite>
