<?xml version="1.0" encoding="UTF-8"?>
<testsuite name="CricketAnalyserTest" tests="14" skipped="0" failures="0" errors="0" timestamp="2020-01-17T13:38:11" hostname="admin1-HP-EliteBook-Folio-9480m" time="1.947">
  <properties/>
  <testcase name="givenLeagueDataCSVFile_whenSortedOnAverage_shouldReturnLowestBattingAverage" classname="CricketAnalyserTest" time="0.423"/>
  <testcase name="givenLeagueDataCSVFile_whenSortedOnStrikeRate_shouldReturnLowestStrikeRate" classname="CricketAnalyserTest" time="0.146"/>
  <testcase name="givenIndiaCSVFile_whenCorrectButTypeIncorrect_ShouldReturnCustomException" classname="CricketAnalyserTest" time="0.025"/>
  <testcase name="givenLeagueDataCSVFIle_shouldReturnExactCount" classname="CricketAnalyserTest" time="0.183"/>
  <testcase name="givenLeagueDataCSVFile_whenSortedOnStrikeRate_shouldReturnMostSixAndFourWithHighestStrikeRate" classname="CricketAnalyserTest" time="0.111"/>
  <testcase name="givenLeagueDataCSVFile_whenSortedOnStrikeRate_shouldReturnHigestStrikeRate" classname="CricketAnalyserTest" time="0.168"/>
  <testcase name="givenLeagueData_withWrongFile_shouldThrowException" classname="CricketAnalyserTest" time="0.201"/>
  <testcase name="givenLeagueDataCSVFile_whenSortedOnStrikeRate_shouldReturnMostSixAndFour" classname="CricketAnalyserTest" time="0.117"/>
  <testcase name="givenLeagueDataCSVFile_whenSortedOnStrikeRate_shouldReturnMostSixAndFourWithLowestStrikeRate" classname="CricketAnalyserTest" time="0.117"/>
  <testcase name="givenLeagueDataCSVFile_whenSortedOnStrikeRate_shouldReturnMostSixAnd" classname="CricketAnalyserTest" time="0.129"/>
  <testcase name="givenLeagueDataCSVFile_whenSortedOnAverage_shouldReturnData" classname="CricketAnalyserTest" time="0.109"/>
  <testcase name="whenGivenCSVFileCorrect_butDelimiterIncorrect_shouldReturnCustomException" classname="CricketAnalyserTest" time="0.113"/>
  <testcase name="whenGivenCSVFileCorrect_butCSVHeaderIncorrect_shouldReturnCustomException" classname="CricketAnalyserTest" time="0.013"/>
  <testcase name="givenLeagueDataCSVFile_whenSortedOnAverage_shouldReturnHighestBattingAverage" classname="CricketAnalyserTest" time="0.087"/>
  <system-out><![CDATA[[Batsman{pos=5, player='Andre Russell', matches=14, innings=13, noPlay=4, runs=510, highScore='80*', avarage='56.66', ballsFaced=249, strikeRate=204.81, hundreds=0, fifty=4, fours=31, sixs=52}, Batsman{pos=6, player='Chris Gayle', matches=13, innings=13, noPlay=1, runs=490, highScore='99*', avarage='40.83', ballsFaced=319, strikeRate=153.6, hundreds=0, fifty=4, fours=45, sixs=34}, Batsman{pos=1, player='David Warner ', matches=12, innings=12, noPlay=2, runs=692, highScore='100*', avarage='69.2', ballsFaced=481, strikeRate=143.86, hundreds=1, fifty=8, fours=57, sixs=21}, Batsman{pos=2, player='KL Rahul', matches=14, innings=14, noPlay=3, runs=593, highScore='100*', avarage='53.9', ballsFaced=438, strikeRate=135.38, hundreds=1, fifty=6, fours=49, sixs=25}, Batsman{pos=3, player='Quinton de Kock', matches=16, innings=16, noPlay=1, runs=529, highScore='81', avarage='35.26', ballsFaced=398, strikeRate=132.91, hundreds=0, fifty=4, fours=45, sixs=25}, Batsman{pos=4, player='Shikhar Dhawan', matches=16, innings=16, noPlay=1, runs=521, highScore='97*', avarage='34.73', ballsFaced=384, strikeRate=135.67, hundreds=0, fifty=5, fours=64, sixs=11}, Batsman{pos=7, player='Rishabh Pant', matches=16, innings=16, noPlay=3, runs=488, highScore='78*', avarage='37.53', ballsFaced=300, strikeRate=162.66, hundreds=0, fifty=3, fours=37, sixs=27}, Batsman{pos=10, player='Jonny Bairstow', matches=10, innings=10, noPlay=2, runs=445, highScore='114', avarage='55.62', ballsFaced=283, strikeRate=157.24, hundreds=1, fifty=2, fours=48, sixs=18}, Batsman{pos=14, player='Chris Lynn', matches=13, innings=13, noPlay=0, runs=405, highScore='82', avarage='31.15', ballsFaced=290, strikeRate=139.65, hundreds=0, fifty=4, fours=41, sixs=22}, Batsman{pos=17, player='Shane Watson', matches=17, innings=17, noPlay=0, runs=398, highScore='96', avarage='23.41', ballsFaced=312, strikeRate=127.56, hundreds=0, fifty=3, fours=42, sixs=20}, Batsman{pos=16, player='Hardik Pandya', matches=16, innings=15, noPlay=6, runs=402, highScore='91', avarage='44.66', ballsFaced=210, strikeRate=191.42, hundreds=0, fifty=1, fours=28, sixs=29}, Batsman{pos=11, player='AB de Villiers', matches=13, innings=13, noPlay=3, runs=442, highScore='82*', avarage='44.2', ballsFaced=287, strikeRate=154.0, hundreds=0, fifty=5, fours=31, sixs=26}, Batsman{pos=15, player='Rohit Sharma', matches=15, innings=15, noPlay=1, runs=405, highScore='67', avarage='28.92', ballsFaced=315, strikeRate=128.57, hundreds=0, fifty=2, fours=52, sixs=10}, Batsman{pos=8, player='Virat Kohli', matches=14, innings=14, noPlay=0, runs=464, highScore='100', avarage='33.14', ballsFaced=328, strikeRate=141.46, hundreds=1, fifty=2, fours=46, sixs=13}, Batsman{pos=21, player='Parthiv Patel', matches=14, innings=14, noPlay=0, runs=373, highScore='67', avarage='26.64', ballsFaced=268, strikeRate=139.17, hundreds=0, fifty=2, fours=48, sixs=10}, Batsman{pos=9, player='Shreyas Iyer', matches=16, innings=16, noPlay=1, runs=463, highScore='67', avarage='30.86', ballsFaced=386, strikeRate=119.94, hundreds=0, fifty=3, fours=41, sixs=14}, Batsman{pos=12, player='Suryakumar Yadav', matches=16, innings=15, noPlay=2, runs=424, highScore='71*', avarage='32.61', ballsFaced=324, strikeRate=130.86, hundreds=0, fifty=2, fours=45, sixs=10}, Batsman{pos=28, player='Jos Buttler', matches=8, innings=8, noPlay=0, runs=311, highScore='89', avarage='38.87', ballsFaced=205, strikeRate=151.7, hundreds=0, fifty=3, fours=38, sixs=14}, Batsman{pos=24, player='Nitish Rana', matches=14, innings=11, noPlay=1, runs=344, highScore='85*', avarage='34.4', ballsFaced=235, strikeRate=146.38, hundreds=0, fifty=3, fours=27, sixs=21}, Batsman{pos=19, player='Ajinkya Rahane', matches=14, innings=13, noPlay=1, runs=393, highScore='105*', avarage='32.75', ballsFaced=285, strikeRate=137.89, hundreds=1, fifty=1, fours=45, sixs=9}, Batsman{pos=22, player='Prithvi Shaw', matches=16, innings=16, noPlay=0, runs=353, highScore='99', avarage='22.06', ballsFaced=264, strikeRate=133.71, hundreds=0, fifty=2, fours=45, sixs=9}, Batsman{pos=18, player='Faf du Plessis', matches=12, innings=12, noPlay=1, runs=396, highScore='96', avarage='36.0', ballsFaced=321, strikeRate=123.36, hundreds=0, fifty=3, fours=36, sixs=15}, Batsman{pos=20, player='Suresh Raina', matches=17, innings=17, noPlay=1, runs=383, highScore='59', avarage='23.93', ballsFaced=314, strikeRate=121.97, hundreds=0, fifty=3, fours=45, sixs=9}, Batsman{pos=13, player='MS Dhoni', matches=15, innings=12, noPlay=7, runs=416, highScore='84*', avarage='83.2', ballsFaced=309, strikeRate=134.62, hundreds=0, fifty=3, fours=22, sixs=23}, Batsman{pos=25, player='Sanju Samson', matches=12, innings=12, noPlay=2, runs=342, highScore='102*', avarage='34.2', ballsFaced=230, strikeRate=148.69, hundreds=1, fifty=0, fours=28, sixs=13}, Batsman{pos=32, player='Kieron Pollard', matches=16, innings=14, noPlay=6, runs=279, highScore='83', avarage='34.87', ballsFaced=178, strikeRate=156.74, hundreds=0, fifty=1, fours=14, sixs=22}, Batsman{pos=26, player='Mayank Agarwal', matches=13, innings=13, noPlay=0, runs=332, highScore='58', avarage='25.53', ballsFaced=234, strikeRate=141.88, hundreds=0, fifty=2, fours=26, sixs=14}, Batsman{pos=33, player='Dinesh Karthik', matches=14, innings=13, noPlay=5, runs=253, highScore='97*', avarage='31.62', ballsFaced=173, strikeRate=146.24, hundreds=0, fifty=2, fours=22, sixs=14}, Batsman{pos=23, player='Manish Pandey', matches=12, innings=11, noPlay=3, runs=344, highScore='83*', avarage='43.0', ballsFaced=263, strikeRate=130.79, hundreds=0, fifty=3, fours=34, sixs=6}, Batsman{pos=31, player='Robin Uthappa', matches=12, innings=11, noPlay=2, runs=282, highScore='67*', avarage='31.33', ballsFaced=245, strikeRate=115.1, hundreds=0, fifty=1, fours=28, sixs=10}, Batsman{pos=35, player='Moeen Ali', matches=11, innings=10, noPlay=2, runs=220, highScore='66', avarage='27.5', ballsFaced=133, strikeRate=165.41, hundreds=0, fifty=2, fours=16, sixs=17}, Batsman{pos=29, player='Shubman Gill', matches=14, innings=13, noPlay=4, runs=296, highScore='76', avarage='32.88', ballsFaced=238, strikeRate=124.36, hundreds=0, fifty=3, fours=21, sixs=10}, Batsman{pos=27, player='Steve Smith', matches=12, innings=10, noPlay=2, runs=319, highScore='73*', avarage='39.87', ballsFaced=275, strikeRate=116.0, hundreds=0, fifty=3, fours=30, sixs=4}, Batsman{pos=41, player='Nicholas Pooran', matches=7, innings=6, noPlay=0, runs=168, highScore='48', avarage='28.0', ballsFaced=107, strikeRate=157.0, hundreds=0, fifty=0, fours=10, sixs=14}, Batsman{pos=46, player='Sunil Narine', matches=12, innings=9, noPlay=1, runs=143, highScore='47', avarage='17.87', ballsFaced=86, strikeRate=166.27, hundreds=0, fifty=0, fours=17, sixs=9}, Batsman{pos=30, player='Ambati Rayudu', matches=17, innings=17, noPlay=5, runs=282, highScore='57', avarage='23.5', ballsFaced=303, strikeRate=93.06, hundreds=0, fifty=1, fours=20, sixs=7}, Batsman{pos=36, player='David Miller', matches=10, innings=10, noPlay=2, runs=213, highScore='59*', avarage='26.62', ballsFaced=164, strikeRate=129.87, hundreds=0, fifty=1, fours=19, sixs=7}, Batsman{pos=37, player='Marcus Stoinis', matches=10, innings=10, noPlay=6, runs=211, highScore='46*', avarage='52.75', ballsFaced=156, strikeRate=135.25, hundreds=0, fifty=0, fours=14, sixs=10}, Batsman{pos=34, player='Vijay Shankar', matches=15, innings=14, noPlay=2, runs=244, highScore='40*', avarage='20.33', ballsFaced=193, strikeRate=126.42, hundreds=0, fifty=0, fours=11, sixs=12}, Batsman{pos=38, player='Colin Ingram', matches=12, innings=12, noPlay=2, runs=184, highScore='47', avarage='18.4', ballsFaced=154, strikeRate=119.48, hundreds=0, fifty=0, fours=20, sixs=5}, Batsman{pos=39, player='Krunal Pandya', matches=16, innings=15, noPlay=4, runs=183, highScore='42', avarage='16.63', ballsFaced=150, strikeRate=122.0, hundreds=0, fifty=0, fours=18, sixs=5}, Batsman{pos=40, player='Sarfaraz Khan', matches=8, innings=5, noPlay=1, runs=180, highScore='67', avarage='45.0', ballsFaced=143, strikeRate=125.87, hundreds=0, fifty=1, fours=19, sixs=4}, Batsman{pos=44, player='Riyan Parag', matches=7, innings=5, noPlay=0, runs=160, highScore='50', avarage='32.0', ballsFaced=126, strikeRate=126.98, hundreds=0, fifty=1, fours=17, sixs=5}, Batsman{pos=43, player='Kedar Jadhav', matches=14, innings=12, noPlay=3, runs=162, highScore='58', avarage='18.0', ballsFaced=169, strikeRate=95.85, hundreds=0, fifty=1, fours=19, sixs=3}, Batsman{pos=45, player='Kane Williamson', matches=9, innings=9, noPlay=2, runs=156, highScore='70*', avarage='22.28', ballsFaced=130, strikeRate=120.0, hundreds=0, fifty=1, fours=12, sixs=5}, Batsman{pos=49, player='Mohammad Nabi', matches=8, innings=7, noPlay=1, runs=115, highScore='31', avarage='19.16', ballsFaced=76, strikeRate=151.31, hundreds=0, fifty=0, fours=8, sixs=7}, Batsman{pos=55, player='Sam Curran', matches=9, innings=8, noPlay=4, runs=95, highScore='55*', avarage='23.75', ballsFaced=55, strikeRate=172.72, hundreds=0, fifty=1, fours=13, sixs=3}, Batsman{pos=42, player='Mandeep Singh', matches=13, innings=12, noPlay=8, runs=165, highScore='33*', avarage='41.25', ballsFaced=120, strikeRate=137.5, hundreds=0, fifty=0, fours=10, sixs=4}, Batsman{pos=53, player='Yuvraj Singh', matches=4, innings=4, noPlay=0, runs=98, highScore='53', avarage='24.5', ballsFaced=75, strikeRate=130.66, hundreds=0, fifty=1, fours=7, sixs=6}, Batsman{pos=47, player='Rahul Tripathi', matches=8, innings=7, noPlay=1, runs=141, highScore='50', avarage='23.5', ballsFaced=118, strikeRate=119.49, hundreds=0, fifty=1, fours=13, sixs=2}, Batsman{pos=58, player='Colin Munro', matches=4, innings=4, noPlay=0, runs=84, highScore='40', avarage='21.0', ballsFaced=70, strikeRate=120.0, hundreds=0, fifty=0, fours=9, sixs=4}, Batsman{pos=57, player='Wriddhiman Saha', matches=5, innings=5, noPlay=0, runs=86, highScore='28', avarage='17.2', ballsFaced=53, strikeRate=162.26, hundreds=0, fifty=0, fours=13, sixs=1}, Batsman{pos=59, player='Martin Guptill', matches=3, innings=3, noPlay=0, runs=81, highScore='36', avarage='27.0', ballsFaced=53, strikeRate=152.83, hundreds=0, fifty=0, fours=4, sixs=7}, Batsman{pos=50, player='Axar Patel', matches=14, innings=12, noPlay=6, runs=110, highScore='26', avarage='18.33', ballsFaced=88, strikeRate=125.0, hundreds=0, fifty=0, fours=10, sixs=3}, Batsman{pos=56, player='Shimron Hetmyer', matches=5, innings=5, noPlay=0, runs=90, highScore='75', avarage='18.0', ballsFaced=73, strikeRate=123.28, hundreds=0, fifty=1, fours=4, sixs=7}, Batsman{pos=54, player='Gurkeerat Mann Singh', matches=3, innings=3, noPlay=0, runs=98, highScore='65', avarage='32.66', ballsFaced=70, strikeRate=140.0, hundreds=0, fifty=1, fours=11, sixs=2}, Batsman{pos=48, player='Ben Stokes', matches=9, innings=9, noPlay=3, runs=123, highScore='46', avarage='20.5', ballsFaced=99, strikeRate=124.24, hundreds=0, fifty=0, fours=8, sixs=4}, Batsman{pos=52, player='Ishan Kishan', matches=7, innings=6, noPlay=0, runs=101, highScore='28', avarage='16.83', ballsFaced=100, strikeRate=101.0, hundreds=0, fifty=0, fours=8, sixs=4}, Batsman{pos=62, player='Liam Livingstone', matches=4, innings=4, noPlay=1, runs=71, highScore='44', avarage='23.66', ballsFaced=48, strikeRate=147.91, hundreds=0, fifty=0, fours=6, sixs=5}, Batsman{pos=51, player='Ravindra Jadeja', matches=16, innings=9, noPlay=6, runs=106, highScore='31*', avarage='35.33', ballsFaced=88, strikeRate=120.45, hundreds=0, fifty=0, fours=7, sixs=4}, Batsman{pos=61, player='Sherfane Rutherford', matches=7, innings=7, noPlay=2, runs=73, highScore='28*', avarage='14.6', ballsFaced=54, strikeRate=135.18, hundreds=0, fifty=0, fours=2, sixs=7}, Batsman{pos=63, player='Stuart Binny', matches=8, innings=5, noPlay=2, runs=70, highScore='33*', avarage='23.33', ballsFaced=40, strikeRate=175.0, hundreds=0, fifty=0, fours=5, sixs=4}, Batsman{pos=60, player='Dwayne Bravo', matches=12, innings=9, noPlay=4, runs=80, highScore='27', avarage='16.0', ballsFaced=66, strikeRate=121.21, hundreds=0, fifty=0, fours=6, sixs=3}, Batsman{pos=64, player='Jofra Archer', matches=11, innings=5, noPlay=3, runs=67, highScore='27*', avarage='33.5', ballsFaced=40, strikeRate=167.5, hundreds=0, fifty=0, fours=4, sixs=4}, Batsman{pos=67, player='Shreyas Gopal', matches=14, innings=7, noPlay=3, runs=63, highScore='19*', avarage='15.75', ballsFaced=46, strikeRate=136.95, hundreds=0, fifty=0, fours=8, sixs=1}, Batsman{pos=68, player='Akshdeep Nath', matches=8, innings=5, noPlay=0, runs=61, highScore='24', avarage='12.2', ballsFaced=57, strikeRate=107.01, hundreds=0, fifty=0, fours=5, sixs=2}, Batsman{pos=72, player='Ravichandran Ashwin', matches=14, innings=6, noPlay=1, runs=42, highScore='17*', avarage='8.4', ballsFaced=28, strikeRate=150.0, hundreds=0, fifty=0, fours=3, sixs=3}, Batsman{pos=66, player='Murali Vijay', matches=2, innings=2, noPlay=0, runs=64, highScore='38', avarage='32.0', ballsFaced=61, strikeRate=104.91, hundreds=0, fifty=0, fours=6, sixs=1}, Batsman{pos=71, player='Piyush Chawla', matches=13, innings=5, noPlay=2, runs=42, highScore='14*', avarage='14.0', ballsFaced=37, strikeRate=113.51, hundreds=0, fifty=0, fours=4, sixs=2}, Batsman{pos=70, player='Colin de Grandhomme', matches=4, innings=4, noPlay=1, runs=46, highScore='37', avarage='15.33', ballsFaced=49, strikeRate=93.87, hundreds=0, fifty=0, fours=4, sixs=2}, Batsman{pos=69, player='Evin Lewis', matches=3, innings=3, noPlay=0, runs=48, highScore='32', avarage='16.0', ballsFaced=52, strikeRate=92.3, hundreds=0, fifty=0, fours=4, sixs=2}, Batsman{pos=65, player='Deepak Hooda', matches=11, innings=7, noPlay=1, runs=64, highScore='20', avarage='10.66', ballsFaced=63, strikeRate=101.58, hundreds=0, fifty=0, fours=5, sixs=1}, Batsman{pos=73, player='Shivam Dube', matches=4, innings=4, noPlay=1, runs=40, highScore='24', avarage='13.33', ballsFaced=33, strikeRate=121.21, hundreds=0, fifty=0, fours=1, sixs=3}, Batsman{pos=76, player='Rashid Khan', matches=15, innings=8, noPlay=3, runs=34, highScore='17*', avarage='6.8', ballsFaced=23, strikeRate=147.82, hundreds=0, fifty=0, fours=2, sixs=2}, Batsman{pos=78, player='Mitchell Santner', matches=4, innings=2, noPlay=1, runs=32, highScore='22', avarage='32.0', ballsFaced=23, strikeRate=139.13, hundreds=0, fifty=0, fours=0, sixs=3}, Batsman{pos=80, player='Umesh Yadav', matches=11, innings=7, noPlay=5, runs=25, highScore='14', avarage='12.5', ballsFaced=25, strikeRate=100.0, hundreds=0, fifty=0, fours=3, sixs=1}, Batsman{pos=75, player='Rinku Singh', matches=5, innings=3, noPlay=1, runs=37, highScore='30', avarage='18.5', ballsFaced=34, strikeRate=108.82, hundreds=0, fifty=0, fours=1, sixs=2}, Batsman{pos=77, player='Chris Morris', matches=9, innings=6, noPlay=0, runs=32, highScore='17', avarage='5.33', ballsFaced=37, strikeRate=86.48, hundreds=0, fifty=0, fours=1, sixs=2}, Batsman{pos=82, player='Harpreet Brar', matches=2, innings=1, noPlay=1, runs=20, highScore='20*', avarage='0.0', ballsFaced=12, strikeRate=166.66, hundreds=0, fifty=0, fours=2, sixs=1}, Batsman{pos=79, player='Rahul Tewatia', matches=5, innings=4, noPlay=3, runs=26, highScore='11*', avarage='26.0', ballsFaced=22, strikeRate=118.18, hundreds=0, fifty=0, fours=2, sixs=1}, Batsman{pos=97, player='Ishant Sharma', matches=13, innings=3, noPlay=3, runs=10, highScore='10*', avarage='0.0', ballsFaced=3, strikeRate=333.33, hundreds=0, fifty=0, fours=1, sixs=1}, Batsman{pos=90, player='Shardul Thakur', matches=10, innings=3, noPlay=1, runs=14, highScore='12*', avarage='7.0', ballsFaced=7, strikeRate=200.0, hundreds=0, fifty=0, fours=1, sixs=1}, Batsman{pos=89, player='Siddhesh Lad', matches=1, innings=1, noPlay=0, runs=15, highScore='15', avarage='15.0', ballsFaced=13, strikeRate=115.38, hundreds=0, fifty=0, fours=1, sixs=1}, Batsman{pos=85, player='Ben Cutting', matches=3, innings=3, noPlay=1, runs=18, highScore='13*', avarage='9.0', ballsFaced=17, strikeRate=105.88, hundreds=0, fifty=0, fours=1, sixs=1}, Batsman{pos=86, player='Krishnappa Gowtham', matches=7, innings=4, noPlay=1, runs=18, highScore='9', avarage='6.0', ballsFaced=19, strikeRate=94.73, hundreds=0, fifty=0, fours=1, sixs=1}, Batsman{pos=87, player='Simran Singh', matches=1, innings=1, noPlay=0, runs=16, highScore='16', avarage='16.0', ballsFaced=17, strikeRate=94.11, hundreds=0, fifty=0, fours=1, sixs=1}, Batsman{pos=74, player='Yusuf Pathan', matches=10, innings=8, noPlay=5, runs=40, highScore='16*', avarage='13.33', ballsFaced=45, strikeRate=88.88, hundreds=0, fifty=0, fours=1, sixs=1}, Batsman{pos=84, player='Keemo Paul', matches=8, innings=6, noPlay=1, runs=18, highScore='7', avarage='3.6', ballsFaced=24, strikeRate=75.0, hundreds=0, fifty=0, fours=1, sixs=1}, Batsman{pos=88, player='Alzarri Joseph', matches=3, innings=2, noPlay=2, runs=15, highScore='15*', avarage='0.0', ballsFaced=13, strikeRate=115.38, hundreds=0, fifty=0, fours=2, sixs=0}, Batsman{pos=94, player='Rahul Chahar', matches=13, innings=4, noPlay=2, runs=12, highScore='10', avarage='6.0', ballsFaced=11, strikeRate=109.09, hundreds=0, fifty=0, fours=2, sixs=0}, Batsman{pos=81, player='Amit Mishra', matches=11, innings=4, noPlay=2, runs=21, highScore='8', avarage='10.5', ballsFaced=24, strikeRate=87.5, hundreds=0, fifty=0, fours=2, sixs=0}, Batsman{pos=83, player='Prayas Ray Barman', matches=1, innings=1, noPlay=0, runs=19, highScore='19', avarage='19.0', ballsFaced=24, strikeRate=79.16, hundreds=0, fifty=0, fours=2, sixs=0}, Batsman{pos=95, player='Mitchell McClenaghan', matches=5, innings=4, noPlay=1, runs=11, highScore='10', avarage='3.66', ballsFaced=16, strikeRate=68.75, hundreds=0, fifty=0, fours=2, sixs=0}, Batsman{pos=91, player='Kagiso Rabada', matches=12, innings=4, noPlay=1, runs=14, highScore='9', avarage='4.66', ballsFaced=15, strikeRate=93.33, hundreds=0, fifty=0, fours=0, sixs=1}, Batsman{pos=93, player='Kuldeep Yadav', matches=9, innings=4, noPlay=2, runs=12, highScore='10*', avarage='6.0', ballsFaced=8, strikeRate=150.0, hundreds=0, fifty=0, fours=1, sixs=0}, Batsman{pos=96, player='Carlos Brathwaite', matches=2, innings=2, noPlay=0, runs=11, highScore='6', avarage='5.5', ballsFaced=10, strikeRate=110.0, hundreds=0, fifty=0, fours=1, sixs=0}, Batsman{pos=99, player='Pawan Negi', matches=7, innings=4, noPlay=0, runs=9, highScore='5', avarage='2.25', ballsFaced=12, strikeRate=75.0, hundreds=0, fifty=0, fours=1, sixs=0}, Batsman{pos=92, player='Bhuvneshwar Kumar', matches=15, innings=5, noPlay=2, runs=12, highScore='7*', avarage='4.0', ballsFaced=19, strikeRate=63.15, hundreds=0, fifty=0, fours=1, sixs=0}, Batsman{pos=100, player='Tim Southee', matches=3, innings=1, noPlay=1, runs=9, highScore='9*', avarage='0.0', ballsFaced=9, strikeRate=100.0, hundreds=0, fifty=0, fours=0, sixs=0}, Batsman{pos=98, player='Shakib Al Hasan', matches=3, innings=1, noPlay=0, runs=9, highScore='9', avarage='9.0', ballsFaced=10, strikeRate=90.0, hundreds=0, fifty=0, fours=0, sixs=0}]
[Batsman{pos=5, player='Andre Russell', matches=14, innings=13, noPlay=4, runs=510, highScore='80*', avarage='56.66', ballsFaced=249, strikeRate=204.81, hundreds=0, fifty=4, fours=31, sixs=52}, Batsman{pos=6, player='Chris Gayle', matches=13, innings=13, noPlay=1, runs=490, highScore='99*', avarage='40.83', ballsFaced=319, strikeRate=153.6, hundreds=0, fifty=4, fours=45, sixs=34}, Batsman{pos=1, player='David Warner ', matches=12, innings=12, noPlay=2, runs=692, highScore='100*', avarage='69.2', ballsFaced=481, strikeRate=143.86, hundreds=1, fifty=8, fours=57, sixs=21}, Batsman{pos=2, player='KL Rahul', matches=14, innings=14, noPlay=3, runs=593, highScore='100*', avarage='53.9', ballsFaced=438, strikeRate=135.38, hundreds=1, fifty=6, fours=49, sixs=25}, Batsman{pos=3, player='Quinton de Kock', matches=16, innings=16, noPlay=1, runs=529, highScore='81', avarage='35.26', ballsFaced=398, strikeRate=132.91, hundreds=0, fifty=4, fours=45, sixs=25}, Batsman{pos=4, player='Shikhar Dhawan', matches=16, innings=16, noPlay=1, runs=521, highScore='97*', avarage='34.73', ballsFaced=384, strikeRate=135.67, hundreds=0, fifty=5, fours=64, sixs=11}, Batsman{pos=7, player='Rishabh Pant', matches=16, innings=16, noPlay=3, runs=488, highScore='78*', avarage='37.53', ballsFaced=300, strikeRate=162.66, hundreds=0, fifty=3, fours=37, sixs=27}, Batsman{pos=10, player='Jonny Bairstow', matches=10, innings=10, noPlay=2, runs=445, highScore='114', avarage='55.62', ballsFaced=283, strikeRate=157.24, hundreds=1, fifty=2, fours=48, sixs=18}, Batsman{pos=14, player='Chris Lynn', matches=13, innings=13, noPlay=0, runs=405, highScore='82', avarage='31.15', ballsFaced=290, strikeRate=139.65, hundreds=0, fifty=4, fours=41, sixs=22}, Batsman{pos=17, player='Shane Watson', matches=17, innings=17, noPlay=0, runs=398, highScore='96', avarage='23.41', ballsFaced=312, strikeRate=127.56, hundreds=0, fifty=3, fours=42, sixs=20}, Batsman{pos=16, player='Hardik Pandya', matches=16, innings=15, noPlay=6, runs=402, highScore='91', avarage='44.66', ballsFaced=210, strikeRate=191.42, hundreds=0, fifty=1, fours=28, sixs=29}, Batsman{pos=11, player='AB de Villiers', matches=13, innings=13, noPlay=3, runs=442, highScore='82*', avarage='44.2', ballsFaced=287, strikeRate=154.0, hundreds=0, fifty=5, fours=31, sixs=26}, Batsman{pos=15, player='Rohit Sharma', matches=15, innings=15, noPlay=1, runs=405, highScore='67', avarage='28.92', ballsFaced=315, strikeRate=128.57, hundreds=0, fifty=2, fours=52, sixs=10}, Batsman{pos=8, player='Virat Kohli', matches=14, innings=14, noPlay=0, runs=464, highScore='100', avarage='33.14', ballsFaced=328, strikeRate=141.46, hundreds=1, fifty=2, fours=46, sixs=13}, Batsman{pos=21, player='Parthiv Patel', matches=14, innings=14, noPlay=0, runs=373, highScore='67', avarage='26.64', ballsFaced=268, strikeRate=139.17, hundreds=0, fifty=2, fours=48, sixs=10}, Batsman{pos=9, player='Shreyas Iyer', matches=16, innings=16, noPlay=1, runs=463, highScore='67', avarage='30.86', ballsFaced=386, strikeRate=119.94, hundreds=0, fifty=3, fours=41, sixs=14}, Batsman{pos=12, player='Suryakumar Yadav', matches=16, innings=15, noPlay=2, runs=424, highScore='71*', avarage='32.61', ballsFaced=324, strikeRate=130.86, hundreds=0, fifty=2, fours=45, sixs=10}, Batsman{pos=28, player='Jos Buttler', matches=8, innings=8, noPlay=0, runs=311, highScore='89', avarage='38.87', ballsFaced=205, strikeRate=151.7, hundreds=0, fifty=3, fours=38, sixs=14}, Batsman{pos=18, player='Faf du Plessis', matches=12, innings=12, noPlay=1, runs=396, highScore='96', avarage='36.0', ballsFaced=321, strikeRate=123.36, hundreds=0, fifty=3, fours=36, sixs=15}, Batsman{pos=19, player='Ajinkya Rahane', matches=14, innings=13, noPlay=1, runs=393, highScore='105*', avarage='32.75', ballsFaced=285, strikeRate=137.89, hundreds=1, fifty=1, fours=45, sixs=9}, Batsman{pos=20, player='Suresh Raina', matches=17, innings=17, noPlay=1, runs=383, highScore='59', avarage='23.93', ballsFaced=314, strikeRate=121.97, hundreds=0, fifty=3, fours=45, sixs=9}, Batsman{pos=22, player='Prithvi Shaw', matches=16, innings=16, noPlay=0, runs=353, highScore='99', avarage='22.06', ballsFaced=264, strikeRate=133.71, hundreds=0, fifty=2, fours=45, sixs=9}, Batsman{pos=24, player='Nitish Rana', matches=14, innings=11, noPlay=1, runs=344, highScore='85*', avarage='34.4', ballsFaced=235, strikeRate=146.38, hundreds=0, fifty=3, fours=27, sixs=21}, Batsman{pos=13, player='MS Dhoni', matches=15, innings=12, noPlay=7, runs=416, highScore='84*', avarage='83.2', ballsFaced=309, strikeRate=134.62, hundreds=0, fifty=3, fours=22, sixs=23}, Batsman{pos=25, player='Sanju Samson', matches=12, innings=12, noPlay=2, runs=342, highScore='102*', avarage='34.2', ballsFaced=230, strikeRate=148.69, hundreds=1, fifty=0, fours=28, sixs=13}, Batsman{pos=26, player='Mayank Agarwal', matches=13, innings=13, noPlay=0, runs=332, highScore='58', avarage='25.53', ballsFaced=234, strikeRate=141.88, hundreds=0, fifty=2, fours=26, sixs=14}, Batsman{pos=32, player='Kieron Pollard', matches=16, innings=14, noPlay=6, runs=279, highScore='83', avarage='34.87', ballsFaced=178, strikeRate=156.74, hundreds=0, fifty=1, fours=14, sixs=22}, Batsman{pos=23, player='Manish Pandey', matches=12, innings=11, noPlay=3, runs=344, highScore='83*', avarage='43.0', ballsFaced=263, strikeRate=130.79, hundreds=0, fifty=3, fours=34, sixs=6}, Batsman{pos=31, player='Robin Uthappa', matches=12, innings=11, noPlay=2, runs=282, highScore='67*', avarage='31.33', ballsFaced=245, strikeRate=115.1, hundreds=0, fifty=1, fours=28, sixs=10}, Batsman{pos=33, player='Dinesh Karthik', matches=14, innings=13, noPlay=5, runs=253, highScore='97*', avarage='31.62', ballsFaced=173, strikeRate=146.24, hundreds=0, fifty=2, fours=22, sixs=14}, Batsman{pos=35, player='Moeen Ali', matches=11, innings=10, noPlay=2, runs=220, highScore='66', avarage='27.5', ballsFaced=133, strikeRate=165.41, hundreds=0, fifty=2, fours=16, sixs=17}, Batsman{pos=27, player='Steve Smith', matches=12, innings=10, noPlay=2, runs=319, highScore='73*', avarage='39.87', ballsFaced=275, strikeRate=116.0, hundreds=0, fifty=3, fours=30, sixs=4}, Batsman{pos=29, player='Shubman Gill', matches=14, innings=13, noPlay=4, runs=296, highScore='76', avarage='32.88', ballsFaced=238, strikeRate=124.36, hundreds=0, fifty=3, fours=21, sixs=10}, Batsman{pos=41, player='Nicholas Pooran', matches=7, innings=6, noPlay=0, runs=168, highScore='48', avarage='28.0', ballsFaced=107, strikeRate=157.0, hundreds=0, fifty=0, fours=10, sixs=14}, Batsman{pos=30, player='Ambati Rayudu', matches=17, innings=17, noPlay=5, runs=282, highScore='57', avarage='23.5', ballsFaced=303, strikeRate=93.06, hundreds=0, fifty=1, fours=20, sixs=7}, Batsman{pos=46, player='Sunil Narine', matches=12, innings=9, noPlay=1, runs=143, highScore='47', avarage='17.87', ballsFaced=86, strikeRate=166.27, hundreds=0, fifty=0, fours=17, sixs=9}, Batsman{pos=36, player='David Miller', matches=10, innings=10, noPlay=2, runs=213, highScore='59*', avarage='26.62', ballsFaced=164, strikeRate=129.87, hundreds=0, fifty=1, fours=19, sixs=7}, Batsman{pos=34, player='Vijay Shankar', matches=15, innings=14, noPlay=2, runs=244, highScore='40*', avarage='20.33', ballsFaced=193, strikeRate=126.42, hundreds=0, fifty=0, fours=11, sixs=12}, Batsman{pos=37, player='Marcus Stoinis', matches=10, innings=10, noPlay=6, runs=211, highScore='46*', avarage='52.75', ballsFaced=156, strikeRate=135.25, hundreds=0, fifty=0, fours=14, sixs=10}, Batsman{pos=38, player='Colin Ingram', matches=12, innings=12, noPlay=2, runs=184, highScore='47', avarage='18.4', ballsFaced=154, strikeRate=119.48, hundreds=0, fifty=0, fours=20, sixs=5}, Batsman{pos=39, player='Krunal Pandya', matches=16, innings=15, noPlay=4, runs=183, highScore='42', avarage='16.63', ballsFaced=150, strikeRate=122.0, hundreds=0, fifty=0, fours=18, sixs=5}, Batsman{pos=40, player='Sarfaraz Khan', matches=8, innings=5, noPlay=1, runs=180, highScore='67', avarage='45.0', ballsFaced=143, strikeRate=125.87, hundreds=0, fifty=1, fours=19, sixs=4}, Batsman{pos=44, player='Riyan Parag', matches=7, innings=5, noPlay=0, runs=160, highScore='50', avarage='32.0', ballsFaced=126, strikeRate=126.98, hundreds=0, fifty=1, fours=17, sixs=5}, Batsman{pos=43, player='Kedar Jadhav', matches=14, innings=12, noPlay=3, runs=162, highScore='58', avarage='18.0', ballsFaced=169, strikeRate=95.85, hundreds=0, fifty=1, fours=19, sixs=3}, Batsman{pos=45, player='Kane Williamson', matches=9, innings=9, noPlay=2, runs=156, highScore='70*', avarage='22.28', ballsFaced=130, strikeRate=120.0, hundreds=0, fifty=1, fours=12, sixs=5}, Batsman{pos=49, player='Mohammad Nabi', matches=8, innings=7, noPlay=1, runs=115, highScore='31', avarage='19.16', ballsFaced=76, strikeRate=151.31, hundreds=0, fifty=0, fours=8, sixs=7}, Batsman{pos=55, player='Sam Curran', matches=9, innings=8, noPlay=4, runs=95, highScore='55*', avarage='23.75', ballsFaced=55, strikeRate=172.72, hundreds=0, fifty=1, fours=13, sixs=3}, Batsman{pos=42, player='Mandeep Singh', matches=13, innings=12, noPlay=8, runs=165, highScore='33*', avarage='41.25', ballsFaced=120, strikeRate=137.5, hundreds=0, fifty=0, fours=10, sixs=4}, Batsman{pos=47, player='Rahul Tripathi', matches=8, innings=7, noPlay=1, runs=141, highScore='50', avarage='23.5', ballsFaced=118, strikeRate=119.49, hundreds=0, fifty=1, fours=13, sixs=2}, Batsman{pos=53, player='Yuvraj Singh', matches=4, innings=4, noPlay=0, runs=98, highScore='53', avarage='24.5', ballsFaced=75, strikeRate=130.66, hundreds=0, fifty=1, fours=7, sixs=6}, Batsman{pos=58, player='Colin Munro', matches=4, innings=4, noPlay=0, runs=84, highScore='40', avarage='21.0', ballsFaced=70, strikeRate=120.0, hundreds=0, fifty=0, fours=9, sixs=4}, Batsman{pos=50, player='Axar Patel', matches=14, innings=12, noPlay=6, runs=110, highScore='26', avarage='18.33', ballsFaced=88, strikeRate=125.0, hundreds=0, fifty=0, fours=10, sixs=3}, Batsman{pos=56, player='Shimron Hetmyer', matches=5, innings=5, noPlay=0, runs=90, highScore='75', avarage='18.0', ballsFaced=73, strikeRate=123.28, hundreds=0, fifty=1, fours=4, sixs=7}, Batsman{pos=57, player='Wriddhiman Saha', matches=5, innings=5, noPlay=0, runs=86, highScore='28', avarage='17.2', ballsFaced=53, strikeRate=162.26, hundreds=0, fifty=0, fours=13, sixs=1}, Batsman{pos=59, player='Martin Guptill', matches=3, innings=3, noPlay=0, runs=81, highScore='36', avarage='27.0', ballsFaced=53, strikeRate=152.83, hundreds=0, fifty=0, fours=4, sixs=7}, Batsman{pos=48, player='Ben Stokes', matches=9, innings=9, noPlay=3, runs=123, highScore='46', avarage='20.5', ballsFaced=99, strikeRate=124.24, hundreds=0, fifty=0, fours=8, sixs=4}, Batsman{pos=52, player='Ishan Kishan', matches=7, innings=6, noPlay=0, runs=101, highScore='28', avarage='16.83', ballsFaced=100, strikeRate=101.0, hundreds=0, fifty=0, fours=8, sixs=4}, Batsman{pos=54, player='Gurkeerat Mann Singh', matches=3, innings=3, noPlay=0, runs=98, highScore='65', avarage='32.66', ballsFaced=70, strikeRate=140.0, hundreds=0, fifty=1, fours=11, sixs=2}, Batsman{pos=62, player='Liam Livingstone', matches=4, innings=4, noPlay=1, runs=71, highScore='44', avarage='23.66', ballsFaced=48, strikeRate=147.91, hundreds=0, fifty=0, fours=6, sixs=5}, Batsman{pos=51, player='Ravindra Jadeja', matches=16, innings=9, noPlay=6, runs=106, highScore='31*', avarage='35.33', ballsFaced=88, strikeRate=120.45, hundreds=0, fifty=0, fours=7, sixs=4}, Batsman{pos=61, player='Sherfane Rutherford', matches=7, innings=7, noPlay=2, runs=73, highScore='28*', avarage='14.6', ballsFaced=54, strikeRate=135.18, hundreds=0, fifty=0, fours=2, sixs=7}, Batsman{pos=63, player='Stuart Binny', matches=8, innings=5, noPlay=2, runs=70, highScore='33*', avarage='23.33', ballsFaced=40, strikeRate=175.0, hundreds=0, fifty=0, fours=5, sixs=4}, Batsman{pos=60, player='Dwayne Bravo', matches=12, innings=9, noPlay=4, runs=80, highScore='27', avarage='16.0', ballsFaced=66, strikeRate=121.21, hundreds=0, fifty=0, fours=6, sixs=3}, Batsman{pos=64, player='Jofra Archer', matches=11, innings=5, noPlay=3, runs=67, highScore='27*', avarage='33.5', ballsFaced=40, strikeRate=167.5, hundreds=0, fifty=0, fours=4, sixs=4}, Batsman{pos=67, player='Shreyas Gopal', matches=14, innings=7, noPlay=3, runs=63, highScore='19*', avarage='15.75', ballsFaced=46, strikeRate=136.95, hundreds=0, fifty=0, fours=8, sixs=1}, Batsman{pos=68, player='Akshdeep Nath', matches=8, innings=5, noPlay=0, runs=61, highScore='24', avarage='12.2', ballsFaced=57, strikeRate=107.01, hundreds=0, fifty=0, fours=5, sixs=2}, Batsman{pos=66, player='Murali Vijay', matches=2, innings=2, noPlay=0, runs=64, highScore='38', avarage='32.0', ballsFaced=61, strikeRate=104.91, hundreds=0, fifty=0, fours=6, sixs=1}, Batsman{pos=72, player='Ravichandran Ashwin', matches=14, innings=6, noPlay=1, runs=42, highScore='17*', avarage='8.4', ballsFaced=28, strikeRate=150.0, hundreds=0, fifty=0, fours=3, sixs=3}, Batsman{pos=69, player='Evin Lewis', matches=3, innings=3, noPlay=0, runs=48, highScore='32', avarage='16.0', ballsFaced=52, strikeRate=92.3, hundreds=0, fifty=0, fours=4, sixs=2}, Batsman{pos=70, player='Colin de Grandhomme', matches=4, innings=4, noPlay=1, runs=46, highScore='37', avarage='15.33', ballsFaced=49, strikeRate=93.87, hundreds=0, fifty=0, fours=4, sixs=2}, Batsman{pos=71, player='Piyush Chawla', matches=13, innings=5, noPlay=2, runs=42, highScore='14*', avarage='14.0', ballsFaced=37, strikeRate=113.51, hundreds=0, fifty=0, fours=4, sixs=2}, Batsman{pos=65, player='Deepak Hooda', matches=11, innings=7, noPlay=1, runs=64, highScore='20', avarage='10.66', ballsFaced=63, strikeRate=101.58, hundreds=0, fifty=0, fours=5, sixs=1}, Batsman{pos=73, player='Shivam Dube', matches=4, innings=4, noPlay=1, runs=40, highScore='24', avarage='13.33', ballsFaced=33, strikeRate=121.21, hundreds=0, fifty=0, fours=1, sixs=3}, Batsman{pos=76, player='Rashid Khan', matches=15, innings=8, noPlay=3, runs=34, highScore='17*', avarage='6.8', ballsFaced=23, strikeRate=147.82, hundreds=0, fifty=0, fours=2, sixs=2}, Batsman{pos=78, player='Mitchell Santner', matches=4, innings=2, noPlay=1, runs=32, highScore='22', avarage='32.0', ballsFaced=23, strikeRate=139.13, hundreds=0, fifty=0, fours=0, sixs=3}, Batsman{pos=80, player='Umesh Yadav', matches=11, innings=7, noPlay=5, runs=25, highScore='14', avarage='12.5', ballsFaced=25, strikeRate=100.0, hundreds=0, fifty=0, fours=3, sixs=1}, Batsman{pos=75, player='Rinku Singh', matches=5, innings=3, noPlay=1, runs=37, highScore='30', avarage='18.5', ballsFaced=34, strikeRate=108.82, hundreds=0, fifty=0, fours=1, sixs=2}, Batsman{pos=77, player='Chris Morris', matches=9, innings=6, noPlay=0, runs=32, highScore='17', avarage='5.33', ballsFaced=37, strikeRate=86.48, hundreds=0, fifty=0, fours=1, sixs=2}, Batsman{pos=79, player='Rahul Tewatia', matches=5, innings=4, noPlay=3, runs=26, highScore='11*', avarage='26.0', ballsFaced=22, strikeRate=118.18, hundreds=0, fifty=0, fours=2, sixs=1}, Batsman{pos=82, player='Harpreet Brar', matches=2, innings=1, noPlay=1, runs=20, highScore='20*', avarage='0.0', ballsFaced=12, strikeRate=166.66, hundreds=0, fifty=0, fours=2, sixs=1}, Batsman{pos=74, player='Yusuf Pathan', matches=10, innings=8, noPlay=5, runs=40, highScore='16*', avarage='13.33', ballsFaced=45, strikeRate=88.88, hundreds=0, fifty=0, fours=1, sixs=1}, Batsman{pos=84, player='Keemo Paul', matches=8, innings=6, noPlay=1, runs=18, highScore='7', avarage='3.6', ballsFaced=24, strikeRate=75.0, hundreds=0, fifty=0, fours=1, sixs=1}, Batsman{pos=85, player='Ben Cutting', matches=3, innings=3, noPlay=1, runs=18, highScore='13*', avarage='9.0', ballsFaced=17, strikeRate=105.88, hundreds=0, fifty=0, fours=1, sixs=1}, Batsman{pos=86, player='Krishnappa Gowtham', matches=7, innings=4, noPlay=1, runs=18, highScore='9', avarage='6.0', ballsFaced=19, strikeRate=94.73, hundreds=0, fifty=0, fours=1, sixs=1}, Batsman{pos=87, player='Simran Singh', matches=1, innings=1, noPlay=0, runs=16, highScore='16', avarage='16.0', ballsFaced=17, strikeRate=94.11, hundreds=0, fifty=0, fours=1, sixs=1}, Batsman{pos=89, player='Siddhesh Lad', matches=1, innings=1, noPlay=0, runs=15, highScore='15', avarage='15.0', ballsFaced=13, strikeRate=115.38, hundreds=0, fifty=0, fours=1, sixs=1}, Batsman{pos=90, player='Shardul Thakur', matches=10, innings=3, noPlay=1, runs=14, highScore='12*', avarage='7.0', ballsFaced=7, strikeRate=200.0, hundreds=0, fifty=0, fours=1, sixs=1}, Batsman{pos=97, player='Ishant Sharma', matches=13, innings=3, noPlay=3, runs=10, highScore='10*', avarage='0.0', ballsFaced=3, strikeRate=333.33, hundreds=0, fifty=0, fours=1, sixs=1}, Batsman{pos=81, player='Amit Mishra', matches=11, innings=4, noPlay=2, runs=21, highScore='8', avarage='10.5', ballsFaced=24, strikeRate=87.5, hundreds=0, fifty=0, fours=2, sixs=0}, Batsman{pos=83, player='Prayas Ray Barman', matches=1, innings=1, noPlay=0, runs=19, highScore='19', avarage='19.0', ballsFaced=24, strikeRate=79.16, hundreds=0, fifty=0, fours=2, sixs=0}, Batsman{pos=88, player='Alzarri Joseph', matches=3, innings=2, noPlay=2, runs=15, highScore='15*', avarage='0.0', ballsFaced=13, strikeRate=115.38, hundreds=0, fifty=0, fours=2, sixs=0}, Batsman{pos=94, player='Rahul Chahar', matches=13, innings=4, noPlay=2, runs=12, highScore='10', avarage='6.0', ballsFaced=11, strikeRate=109.09, hundreds=0, fifty=0, fours=2, sixs=0}, Batsman{pos=95, player='Mitchell McClenaghan', matches=5, innings=4, noPlay=1, runs=11, highScore='10', avarage='3.66', ballsFaced=16, strikeRate=68.75, hundreds=0, fifty=0, fours=2, sixs=0}, Batsman{pos=91, player='Kagiso Rabada', matches=12, innings=4, noPlay=1, runs=14, highScore='9', avarage='4.66', ballsFaced=15, strikeRate=93.33, hundreds=0, fifty=0, fours=0, sixs=1}, Batsman{pos=92, player='Bhuvneshwar Kumar', matches=15, innings=5, noPlay=2, runs=12, highScore='7*', avarage='4.0', ballsFaced=19, strikeRate=63.15, hundreds=0, fifty=0, fours=1, sixs=0}, Batsman{pos=93, player='Kuldeep Yadav', matches=9, innings=4, noPlay=2, runs=12, highScore='10*', avarage='6.0', ballsFaced=8, strikeRate=150.0, hundreds=0, fifty=0, fours=1, sixs=0}, Batsman{pos=96, player='Carlos Brathwaite', matches=2, innings=2, noPlay=0, runs=11, highScore='6', avarage='5.5', ballsFaced=10, strikeRate=110.0, hundreds=0, fifty=0, fours=1, sixs=0}, Batsman{pos=99, player='Pawan Negi', matches=7, innings=4, noPlay=0, runs=9, highScore='5', avarage='2.25', ballsFaced=12, strikeRate=75.0, hundreds=0, fifty=0, fours=1, sixs=0}, Batsman{pos=98, player='Shakib Al Hasan', matches=3, innings=1, noPlay=0, runs=9, highScore='9', avarage='9.0', ballsFaced=10, strikeRate=90.0, hundreds=0, fifty=0, fours=0, sixs=0}, Batsman{pos=100, player='Tim Southee', matches=3, innings=1, noPlay=1, runs=9, highScore='9*', avarage='0.0', ballsFaced=9, strikeRate=100.0, hundreds=0, fifty=0, fours=0, sixs=0}]
[Batsman{pos=5, player='Andre Russell', matches=14, innings=13, noPlay=4, runs=510, highScore='80*', avarage='56.66', ballsFaced=249, strikeRate=204.81, hundreds=0, fifty=4, fours=31, sixs=52}, Batsman{pos=6, player='Chris Gayle', matches=13, innings=13, noPlay=1, runs=490, highScore='99*', avarage='40.83', ballsFaced=319, strikeRate=153.6, hundreds=0, fifty=4, fours=45, sixs=34}, Batsman{pos=1, player='David Warner ', matches=12, innings=12, noPlay=2, runs=692, highScore='100*', avarage='69.2', ballsFaced=481, strikeRate=143.86, hundreds=1, fifty=8, fours=57, sixs=21}, Batsman{pos=2, player='KL Rahul', matches=14, innings=14, noPlay=3, runs=593, highScore='100*', avarage='53.9', ballsFaced=438, strikeRate=135.38, hundreds=1, fifty=6, fours=49, sixs=25}, Batsman{pos=3, player='Quinton de Kock', matches=16, innings=16, noPlay=1, runs=529, highScore='81', avarage='35.26', ballsFaced=398, strikeRate=132.91, hundreds=0, fifty=4, fours=45, sixs=25}, Batsman{pos=4, player='Shikhar Dhawan', matches=16, innings=16, noPlay=1, runs=521, highScore='97*', avarage='34.73', ballsFaced=384, strikeRate=135.67, hundreds=0, fifty=5, fours=64, sixs=11}, Batsman{pos=7, player='Rishabh Pant', matches=16, innings=16, noPlay=3, runs=488, highScore='78*', avarage='37.53', ballsFaced=300, strikeRate=162.66, hundreds=0, fifty=3, fours=37, sixs=27}, Batsman{pos=10, player='Jonny Bairstow', matches=10, innings=10, noPlay=2, runs=445, highScore='114', avarage='55.62', ballsFaced=283, strikeRate=157.24, hundreds=1, fifty=2, fours=48, sixs=18}, Batsman{pos=14, player='Chris Lynn', matches=13, innings=13, noPlay=0, runs=405, highScore='82', avarage='31.15', ballsFaced=290, strikeRate=139.65, hundreds=0, fifty=4, fours=41, sixs=22}, Batsman{pos=17, player='Shane Watson', matches=17, innings=17, noPlay=0, runs=398, highScore='96', avarage='23.41', ballsFaced=312, strikeRate=127.56, hundreds=0, fifty=3, fours=42, sixs=20}, Batsman{pos=16, player='Hardik Pandya', matches=16, innings=15, noPlay=6, runs=402, highScore='91', avarage='44.66', ballsFaced=210, strikeRate=191.42, hundreds=0, fifty=1, fours=28, sixs=29}, Batsman{pos=11, player='AB de Villiers', matches=13, innings=13, noPlay=3, runs=442, highScore='82*', avarage='44.2', ballsFaced=287, strikeRate=154.0, hundreds=0, fifty=5, fours=31, sixs=26}, Batsman{pos=15, player='Rohit Sharma', matches=15, innings=15, noPlay=1, runs=405, highScore='67', avarage='28.92', ballsFaced=315, strikeRate=128.57, hundreds=0, fifty=2, fours=52, sixs=10}, Batsman{pos=8, player='Virat Kohli', matches=14, innings=14, noPlay=0, runs=464, highScore='100', avarage='33.14', ballsFaced=328, strikeRate=141.46, hundreds=1, fifty=2, fours=46, sixs=13}, Batsman{pos=21, player='Parthiv Patel', matches=14, innings=14, noPlay=0, runs=373, highScore='67', avarage='26.64', ballsFaced=268, strikeRate=139.17, hundreds=0, fifty=2, fours=48, sixs=10}, Batsman{pos=9, player='Shreyas Iyer', matches=16, innings=16, noPlay=1, runs=463, highScore='67', avarage='30.86', ballsFaced=386, strikeRate=119.94, hundreds=0, fifty=3, fours=41, sixs=14}, Batsman{pos=12, player='Suryakumar Yadav', matches=16, innings=15, noPlay=2, runs=424, highScore='71*', avarage='32.61', ballsFaced=324, strikeRate=130.86, hundreds=0, fifty=2, fours=45, sixs=10}, Batsman{pos=28, player='Jos Buttler', matches=8, innings=8, noPlay=0, runs=311, highScore='89', avarage='38.87', ballsFaced=205, strikeRate=151.7, hundreds=0, fifty=3, fours=38, sixs=14}, Batsman{pos=24, player='Nitish Rana', matches=14, innings=11, noPlay=1, runs=344, highScore='85*', avarage='34.4', ballsFaced=235, strikeRate=146.38, hundreds=0, fifty=3, fours=27, sixs=21}, Batsman{pos=19, player='Ajinkya Rahane', matches=14, innings=13, noPlay=1, runs=393, highScore='105*', avarage='32.75', ballsFaced=285, strikeRate=137.89, hundreds=1, fifty=1, fours=45, sixs=9}, Batsman{pos=22, player='Prithvi Shaw', matches=16, innings=16, noPlay=0, runs=353, highScore='99', avarage='22.06', ballsFaced=264, strikeRate=133.71, hundreds=0, fifty=2, fours=45, sixs=9}, Batsman{pos=18, player='Faf du Plessis', matches=12, innings=12, noPlay=1, runs=396, highScore='96', avarage='36.0', ballsFaced=321, strikeRate=123.36, hundreds=0, fifty=3, fours=36, sixs=15}, Batsman{pos=20, player='Suresh Raina', matches=17, innings=17, noPlay=1, runs=383, highScore='59', avarage='23.93', ballsFaced=314, strikeRate=121.97, hundreds=0, fifty=3, fours=45, sixs=9}, Batsman{pos=13, player='MS Dhoni', matches=15, innings=12, noPlay=7, runs=416, highScore='84*', avarage='83.2', ballsFaced=309, strikeRate=134.62, hundreds=0, fifty=3, fours=22, sixs=23}, Batsman{pos=25, player='Sanju Samson', matches=12, innings=12, noPlay=2, runs=342, highScore='102*', avarage='34.2', ballsFaced=230, strikeRate=148.69, hundreds=1, fifty=0, fours=28, sixs=13}, Batsman{pos=32, player='Kieron Pollard', matches=16, innings=14, noPlay=6, runs=279, highScore='83', avarage='34.87', ballsFaced=178, strikeRate=156.74, hundreds=0, fifty=1, fours=14, sixs=22}, Batsman{pos=26, player='Mayank Agarwal', matches=13, innings=13, noPlay=0, runs=332, highScore='58', avarage='25.53', ballsFaced=234, strikeRate=141.88, hundreds=0, fifty=2, fours=26, sixs=14}, Batsman{pos=33, player='Dinesh Karthik', matches=14, innings=13, noPlay=5, runs=253, highScore='97*', avarage='31.62', ballsFaced=173, strikeRate=146.24, hundreds=0, fifty=2, fours=22, sixs=14}, Batsman{pos=23, player='Manish Pandey', matches=12, innings=11, noPlay=3, runs=344, highScore='83*', avarage='43.0', ballsFaced=263, strikeRate=130.79, hundreds=0, fifty=3, fours=34, sixs=6}, Batsman{pos=31, player='Robin Uthappa', matches=12, innings=11, noPlay=2, runs=282, highScore='67*', avarage='31.33', ballsFaced=245, strikeRate=115.1, hundreds=0, fifty=1, fours=28, sixs=10}, Batsman{pos=35, player='Moeen Ali', matches=11, innings=10, noPlay=2, runs=220, highScore='66', avarage='27.5', ballsFaced=133, strikeRate=165.41, hundreds=0, fifty=2, fours=16, sixs=17}, Batsman{pos=29, player='Shubman Gill', matches=14, innings=13, noPlay=4, runs=296, highScore='76', avarage='32.88', ballsFaced=238, strikeRate=124.36, hundreds=0, fifty=3, fours=21, sixs=10}, Batsman{pos=27, player='Steve Smith', matches=12, innings=10, noPlay=2, runs=319, highScore='73*', avarage='39.87', ballsFaced=275, strikeRate=116.0, hundreds=0, fifty=3, fours=30, sixs=4}, Batsman{pos=41, player='Nicholas Pooran', matches=7, innings=6, noPlay=0, runs=168, highScore='48', avarage='28.0', ballsFaced=107, strikeRate=157.0, hundreds=0, fifty=0, fours=10, sixs=14}, Batsman{pos=46, player='Sunil Narine', matches=12, innings=9, noPlay=1, runs=143, highScore='47', avarage='17.87', ballsFaced=86, strikeRate=166.27, hundreds=0, fifty=0, fours=17, sixs=9}, Batsman{pos=30, player='Ambati Rayudu', matches=17, innings=17, noPlay=5, runs=282, highScore='57', avarage='23.5', ballsFaced=303, strikeRate=93.06, hundreds=0, fifty=1, fours=20, sixs=7}, Batsman{pos=36, player='David Miller', matches=10, innings=10, noPlay=2, runs=213, highScore='59*', avarage='26.62', ballsFaced=164, strikeRate=129.87, hundreds=0, fifty=1, fours=19, sixs=7}, Batsman{pos=37, player='Marcus Stoinis', matches=10, innings=10, noPlay=6, runs=211, highScore='46*', avarage='52.75', ballsFaced=156, strikeRate=135.25, hundreds=0, fifty=0, fours=14, sixs=10}, Batsman{pos=34, player='Vijay Shankar', matches=15, innings=14, noPlay=2, runs=244, highScore='40*', avarage='20.33', ballsFaced=193, strikeRate=126.42, hundreds=0, fifty=0, fours=11, sixs=12}, Batsman{pos=38, player='Colin Ingram', matches=12, innings=12, noPlay=2, runs=184, highScore='47', avarage='18.4', ballsFaced=154, strikeRate=119.48, hundreds=0, fifty=0, fours=20, sixs=5}, Batsman{pos=39, player='Krunal Pandya', matches=16, innings=15, noPlay=4, runs=183, highScore='42', avarage='16.63', ballsFaced=150, strikeRate=122.0, hundreds=0, fifty=0, fours=18, sixs=5}, Batsman{pos=40, player='Sarfaraz Khan', matches=8, innings=5, noPlay=1, runs=180, highScore='67', avarage='45.0', ballsFaced=143, strikeRate=125.87, hundreds=0, fifty=1, fours=19, sixs=4}, Batsman{pos=44, player='Riyan Parag', matches=7, innings=5, noPlay=0, runs=160, highScore='50', avarage='32.0', ballsFaced=126, strikeRate=126.98, hundreds=0, fifty=1, fours=17, sixs=5}, Batsman{pos=43, player='Kedar Jadhav', matches=14, innings=12, noPlay=3, runs=162, highScore='58', avarage='18.0', ballsFaced=169, strikeRate=95.85, hundreds=0, fifty=1, fours=19, sixs=3}, Batsman{pos=45, player='Kane Williamson', matches=9, innings=9, noPlay=2, runs=156, highScore='70*', avarage='22.28', ballsFaced=130, strikeRate=120.0, hundreds=0, fifty=1, fours=12, sixs=5}, Batsman{pos=49, player='Mohammad Nabi', matches=8, innings=7, noPlay=1, runs=115, highScore='31', avarage='19.16', ballsFaced=76, strikeRate=151.31, hundreds=0, fifty=0, fours=8, sixs=7}, Batsman{pos=55, player='Sam Curran', matches=9, innings=8, noPlay=4, runs=95, highScore='55*', avarage='23.75', ballsFaced=55, strikeRate=172.72, hundreds=0, fifty=1, fours=13, sixs=3}, Batsman{pos=42, player='Mandeep Singh', matches=13, innings=12, noPlay=8, runs=165, highScore='33*', avarage='41.25', ballsFaced=120, strikeRate=137.5, hundreds=0, fifty=0, fours=10, sixs=4}, Batsman{pos=53, player='Yuvraj Singh', matches=4, innings=4, noPlay=0, runs=98, highScore='53', avarage='24.5', ballsFaced=75, strikeRate=130.66, hundreds=0, fifty=1, fours=7, sixs=6}, Batsman{pos=47, player='Rahul Tripathi', matches=8, innings=7, noPlay=1, runs=141, highScore='50', avarage='23.5', ballsFaced=118, strikeRate=119.49, hundreds=0, fifty=1, fours=13, sixs=2}, Batsman{pos=58, player='Colin Munro', matches=4, innings=4, noPlay=0, runs=84, highScore='40', avarage='21.0', ballsFaced=70, strikeRate=120.0, hundreds=0, fifty=0, fours=9, sixs=4}, Batsman{pos=57, player='Wriddhiman Saha', matches=5, innings=5, noPlay=0, runs=86, highScore='28', avarage='17.2', ballsFaced=53, strikeRate=162.26, hundreds=0, fifty=0, fours=13, sixs=1}, Batsman{pos=59, player='Martin Guptill', matches=3, innings=3, noPlay=0, runs=81, highScore='36', avarage='27.0', ballsFaced=53, strikeRate=152.83, hundreds=0, fifty=0, fours=4, sixs=7}, Batsman{pos=50, player='Axar Patel', matches=14, innings=12, noPlay=6, runs=110, highScore='26', avarage='18.33', ballsFaced=88, strikeRate=125.0, hundreds=0, fifty=0, fours=10, sixs=3}, Batsman{pos=56, player='Shimron Hetmyer', matches=5, innings=5, noPlay=0, runs=90, highScore='75', avarage='18.0', ballsFaced=73, strikeRate=123.28, hundreds=0, fifty=1, fours=4, sixs=7}, Batsman{pos=54, player='Gurkeerat Mann Singh', matches=3, innings=3, noPlay=0, runs=98, highScore='65', avarage='32.66', ballsFaced=70, strikeRate=140.0, hundreds=0, fifty=1, fours=11, sixs=2}, Batsman{pos=48, player='Ben Stokes', matches=9, innings=9, noPlay=3, runs=123, highScore='46', avarage='20.5', ballsFaced=99, strikeRate=124.24, hundreds=0, fifty=0, fours=8, sixs=4}, Batsman{pos=52, player='Ishan Kishan', matches=7, innings=6, noPlay=0, runs=101, highScore='28', avarage='16.83', ballsFaced=100, strikeRate=101.0, hundreds=0, fifty=0, fours=8, sixs=4}, Batsman{pos=62, player='Liam Livingstone', matches=4, innings=4, noPlay=1, runs=71, highScore='44', avarage='23.66', ballsFaced=48, strikeRate=147.91, hundreds=0, fifty=0, fours=6, sixs=5}, Batsman{pos=51, player='Ravindra Jadeja', matches=16, innings=9, noPlay=6, runs=106, highScore='31*', avarage='35.33', ballsFaced=88, strikeRate=120.45, hundreds=0, fifty=0, fours=7, sixs=4}, Batsman{pos=61, player='Sherfane Rutherford', matches=7, innings=7, noPlay=2, runs=73, highScore='28*', avarage='14.6', ballsFaced=54, strikeRate=135.18, hundreds=0, fifty=0, fours=2, sixs=7}, Batsman{pos=63, player='Stuart Binny', matches=8, innings=5, noPlay=2, runs=70, highScore='33*', avarage='23.33', ballsFaced=40, strikeRate=175.0, hundreds=0, fifty=0, fours=5, sixs=4}, Batsman{pos=60, player='Dwayne Bravo', matches=12, innings=9, noPlay=4, runs=80, highScore='27', avarage='16.0', ballsFaced=66, strikeRate=121.21, hundreds=0, fifty=0, fours=6, sixs=3}, Batsman{pos=64, player='Jofra Archer', matches=11, innings=5, noPlay=3, runs=67, highScore='27*', avarage='33.5', ballsFaced=40, strikeRate=167.5, hundreds=0, fifty=0, fours=4, sixs=4}, Batsman{pos=67, player='Shreyas Gopal', matches=14, innings=7, noPlay=3, runs=63, highScore='19*', avarage='15.75', ballsFaced=46, strikeRate=136.95, hundreds=0, fifty=0, fours=8, sixs=1}, Batsman{pos=68, player='Akshdeep Nath', matches=8, innings=5, noPlay=0, runs=61, highScore='24', avarage='12.2', ballsFaced=57, strikeRate=107.01, hundreds=0, fifty=0, fours=5, sixs=2}, Batsman{pos=72, player='Ravichandran Ashwin', matches=14, innings=6, noPlay=1, runs=42, highScore='17*', avarage='8.4', ballsFaced=28, strikeRate=150.0, hundreds=0, fifty=0, fours=3, sixs=3}, Batsman{pos=66, player='Murali Vijay', matches=2, innings=2, noPlay=0, runs=64, highScore='38', avarage='32.0', ballsFaced=61, strikeRate=104.91, hundreds=0, fifty=0, fours=6, sixs=1}, Batsman{pos=71, player='Piyush Chawla', matches=13, innings=5, noPlay=2, runs=42, highScore='14*', avarage='14.0', ballsFaced=37, strikeRate=113.51, hundreds=0, fifty=0, fours=4, sixs=2}, Batsman{pos=70, player='Colin de Grandhomme', matches=4, innings=4, noPlay=1, runs=46, highScore='37', avarage='15.33', ballsFaced=49, strikeRate=93.87, hundreds=0, fifty=0, fours=4, sixs=2}, Batsman{pos=69, player='Evin Lewis', matches=3, innings=3, noPlay=0, runs=48, highScore='32', avarage='16.0', ballsFaced=52, strikeRate=92.3, hundreds=0, fifty=0, fours=4, sixs=2}, Batsman{pos=65, player='Deepak Hooda', matches=11, innings=7, noPlay=1, runs=64, highScore='20', avarage='10.66', ballsFaced=63, strikeRate=101.58, hundreds=0, fifty=0, fours=5, sixs=1}, Batsman{pos=73, player='Shivam Dube', matches=4, innings=4, noPlay=1, runs=40, highScore='24', avarage='13.33', ballsFaced=33, strikeRate=121.21, hundreds=0, fifty=0, fours=1, sixs=3}, Batsman{pos=76, player='Rashid Khan', matches=15, innings=8, noPlay=3, runs=34, highScore='17*', avarage='6.8', ballsFaced=23, strikeRate=147.82, hundreds=0, fifty=0, fours=2, sixs=2}, Batsman{pos=78, player='Mitchell Santner', matches=4, innings=2, noPlay=1, runs=32, highScore='22', avarage='32.0', ballsFaced=23, strikeRate=139.13, hundreds=0, fifty=0, fours=0, sixs=3}, Batsman{pos=80, player='Umesh Yadav', matches=11, innings=7, noPlay=5, runs=25, highScore='14', avarage='12.5', ballsFaced=25, strikeRate=100.0, hundreds=0, fifty=0, fours=3, sixs=1}, Batsman{pos=75, player='Rinku Singh', matches=5, innings=3, noPlay=1, runs=37, highScore='30', avarage='18.5', ballsFaced=34, strikeRate=108.82, hundreds=0, fifty=0, fours=1, sixs=2}, Batsman{pos=77, player='Chris Morris', matches=9, innings=6, noPlay=0, runs=32, highScore='17', avarage='5.33', ballsFaced=37, strikeRate=86.48, hundreds=0, fifty=0, fours=1, sixs=2}, Batsman{pos=82, player='Harpreet Brar', matches=2, innings=1, noPlay=1, runs=20, highScore='20*', avarage='0.0', ballsFaced=12, strikeRate=166.66, hundreds=0, fifty=0, fours=2, sixs=1}, Batsman{pos=79, player='Rahul Tewatia', matches=5, innings=4, noPlay=3, runs=26, highScore='11*', avarage='26.0', ballsFaced=22, strikeRate=118.18, hundreds=0, fifty=0, fours=2, sixs=1}, Batsman{pos=97, player='Ishant Sharma', matches=13, innings=3, noPlay=3, runs=10, highScore='10*', avarage='0.0', ballsFaced=3, strikeRate=333.33, hundreds=0, fifty=0, fours=1, sixs=1}, Batsman{pos=90, player='Shardul Thakur', matches=10, innings=3, noPlay=1, runs=14, highScore='12*', avarage='7.0', ballsFaced=7, strikeRate=200.0, hundreds=0, fifty=0, fours=1, sixs=1}, Batsman{pos=89, player='Siddhesh Lad', matches=1, innings=1, noPlay=0, runs=15, highScore='15', avarage='15.0', ballsFaced=13, strikeRate=115.38, hundreds=0, fifty=0, fours=1, sixs=1}, Batsman{pos=85, player='Ben Cutting', matches=3, innings=3, noPlay=1, runs=18, highScore='13*', avarage='9.0', ballsFaced=17, strikeRate=105.88, hundreds=0, fifty=0, fours=1, sixs=1}, Batsman{pos=86, player='Krishnappa Gowtham', matches=7, innings=4, noPlay=1, runs=18, highScore='9', avarage='6.0', ballsFaced=19, strikeRate=94.73, hundreds=0, fifty=0, fours=1, sixs=1}, Batsman{pos=87, player='Simran Singh', matches=1, innings=1, noPlay=0, runs=16, highScore='16', avarage='16.0', ballsFaced=17, strikeRate=94.11, hundreds=0, fifty=0, fours=1, sixs=1}, Batsman{pos=74, player='Yusuf Pathan', matches=10, innings=8, noPlay=5, runs=40, highScore='16*', avarage='13.33', ballsFaced=45, strikeRate=88.88, hundreds=0, fifty=0, fours=1, sixs=1}, Batsman{pos=84, player='Keemo Paul', matches=8, innings=6, noPlay=1, runs=18, highScore='7', avarage='3.6', ballsFaced=24, strikeRate=75.0, hundreds=0, fifty=0, fours=1, sixs=1}, Batsman{pos=88, player='Alzarri Joseph', matches=3, innings=2, noPlay=2, runs=15, highScore='15*', avarage='0.0', ballsFaced=13, strikeRate=115.38, hundreds=0, fifty=0, fours=2, sixs=0}, Batsman{pos=94, player='Rahul Chahar', matches=13, innings=4, noPlay=2, runs=12, highScore='10', avarage='6.0', ballsFaced=11, strikeRate=109.09, hundreds=0, fifty=0, fours=2, sixs=0}, Batsman{pos=81, player='Amit Mishra', matches=11, innings=4, noPlay=2, runs=21, highScore='8', avarage='10.5', ballsFaced=24, strikeRate=87.5, hundreds=0, fifty=0, fours=2, sixs=0}, Batsman{pos=83, player='Prayas Ray Barman', matches=1, innings=1, noPlay=0, runs=19, highScore='19', avarage='19.0', ballsFaced=24, strikeRate=79.16, hundreds=0, fifty=0, fours=2, sixs=0}, Batsman{pos=95, player='Mitchell McClenaghan', matches=5, innings=4, noPlay=1, runs=11, highScore='10', avarage='3.66', ballsFaced=16, strikeRate=68.75, hundreds=0, fifty=0, fours=2, sixs=0}, Batsman{pos=91, player='Kagiso Rabada', matches=12, innings=4, noPlay=1, runs=14, highScore='9', avarage='4.66', ballsFaced=15, strikeRate=93.33, hundreds=0, fifty=0, fours=0, sixs=1}, Batsman{pos=93, player='Kuldeep Yadav', matches=9, innings=4, noPlay=2, runs=12, highScore='10*', avarage='6.0', ballsFaced=8, strikeRate=150.0, hundreds=0, fifty=0, fours=1, sixs=0}, Batsman{pos=96, player='Carlos Brathwaite', matches=2, innings=2, noPlay=0, runs=11, highScore='6', avarage='5.5', ballsFaced=10, strikeRate=110.0, hundreds=0, fifty=0, fours=1, sixs=0}, Batsman{pos=99, player='Pawan Negi', matches=7, innings=4, noPlay=0, runs=9, highScore='5', avarage='2.25', ballsFaced=12, strikeRate=75.0, hundreds=0, fifty=0, fours=1, sixs=0}, Batsman{pos=92, player='Bhuvneshwar Kumar', matches=15, innings=5, noPlay=2, runs=12, highScore='7*', avarage='4.0', ballsFaced=19, strikeRate=63.15, hundreds=0, fifty=0, fours=1, sixs=0}, Batsman{pos=100, player='Tim Southee', matches=3, innings=1, noPlay=1, runs=9, highScore='9*', avarage='0.0', ballsFaced=9, strikeRate=100.0, hundreds=0, fifty=0, fours=0, sixs=0}, Batsman{pos=98, player='Shakib Al Hasan', matches=3, innings=1, noPlay=0, runs=9, highScore='9', avarage='9.0', ballsFaced=10, strikeRate=90.0, hundreds=0, fifty=0, fours=0, sixs=0}]
]]></system-out>
  <system-err><![CDATA[cricketAnalyser.CricketAnalyserException: Error capturing CSV header!
	at cricketAnalyser.CricketAnalyser.readCricketMostRunsData(CricketAnalyser.java:33)
	at CricketAnalyserTest.givenIndiaCSVFile_whenCorrectButTypeIncorrect_ShouldReturnCustomException(CricketAnalyserTest.java:88)
	at sun.reflect.NativeMethodAccessorImpl.invoke0(Native Method)
	at sun.reflect.NativeMethodAccessorImpl.invoke(NativeMethodAccessorImpl.java:62)
	at sun.reflect.DelegatingMethodAccessorImpl.invoke(DelegatingMethodAccessorImpl.java:43)
	at java.lang.reflect.Method.invoke(Method.java:498)
	at org.junit.runners.model.FrameworkMethod$1.runReflectiveCall(FrameworkMethod.java:50)
	at org.junit.internal.runners.model.ReflectiveCallable.run(ReflectiveCallable.java:12)
	at org.junit.runners.model.FrameworkMethod.invokeExplosively(FrameworkMethod.java:47)
	at org.junit.internal.runners.statements.InvokeMethod.evaluate(InvokeMethod.java:17)
	at org.junit.runners.ParentRunner.runLeaf(ParentRunner.java:325)
	at org.junit.runners.BlockJUnit4ClassRunner.runChild(BlockJUnit4ClassRunner.java:78)
	at org.junit.runners.BlockJUnit4ClassRunner.runChild(BlockJUnit4ClassRunner.java:57)
	at org.junit.runners.ParentRunner$3.run(ParentRunner.java:290)
	at org.junit.runners.ParentRunner$1.schedule(ParentRunner.java:71)
	at org.junit.runners.ParentRunner.runChildren(ParentRunner.java:288)
	at org.junit.runners.ParentRunner.access$000(ParentRunner.java:58)
	at org.junit.runners.ParentRunner$2.evaluate(ParentRunner.java:268)
	at org.junit.runners.ParentRunner.run(ParentRunner.java:363)
	at org.gradle.api.internal.tasks.testing.junit.JUnitTestClassExecutor.runTestClass(JUnitTestClassExecutor.java:106)
	at org.gradle.api.internal.tasks.testing.junit.JUnitTestClassExecutor.execute(JUnitTestClassExecutor.java:58)
	at org.gradle.api.internal.tasks.testing.junit.JUnitTestClassExecutor.execute(JUnitTestClassExecutor.java:38)
	at org.gradle.api.internal.tasks.testing.junit.AbstractJUnitTestClassProcessor.processTestClass(AbstractJUnitTestClassProcessor.java:66)
	at org.gradle.api.internal.tasks.testing.SuiteTestClassProcessor.processTestClass(SuiteTestClassProcessor.java:51)
	at sun.reflect.NativeMethodAccessorImpl.invoke0(Native Method)
	at sun.reflect.NativeMethodAccessorImpl.invoke(NativeMethodAccessorImpl.java:62)
	at sun.reflect.DelegatingMethodAccessorImpl.invoke(DelegatingMethodAccessorImpl.java:43)
	at java.lang.reflect.Method.invoke(Method.java:498)
	at org.gradle.internal.dispatch.ReflectionDispatch.dispatch(ReflectionDispatch.java:35)
	at org.gradle.internal.dispatch.ReflectionDispatch.dispatch(ReflectionDispatch.java:24)
	at org.gradle.internal.dispatch.ContextClassLoaderDispatch.dispatch(ContextClassLoaderDispatch.java:32)
	at org.gradle.internal.dispatch.ProxyDispatchAdapter$DispatchingInvocationHandler.invoke(ProxyDispatchAdapter.java:93)
	at com.sun.proxy.$Proxy2.processTestClass(Unknown Source)
	at org.gradle.api.internal.tasks.testing.worker.TestWorker.processTestClass(TestWorker.java:117)
	at sun.reflect.NativeMethodAccessorImpl.invoke0(Native Method)
	at sun.reflect.NativeMethodAccessorImpl.invoke(NativeMethodAccessorImpl.java:62)
	at sun.reflect.DelegatingMethodAccessorImpl.invoke(DelegatingMethodAccessorImpl.java:43)
	at java.lang.reflect.Method.invoke(Method.java:498)
	at org.gradle.internal.dispatch.ReflectionDispatch.dispatch(ReflectionDispatch.java:35)
	at org.gradle.internal.dispatch.ReflectionDispatch.dispatch(ReflectionDispatch.java:24)
	at org.gradle.internal.remote.internal.hub.MessageHubBackedObjectConnection$DispatchWrapper.dispatch(MessageHubBackedObjectConnection.java:155)
	at org.gradle.internal.remote.internal.hub.MessageHubBackedObjectConnection$DispatchWrapper.dispatch(MessageHubBackedObjectConnection.java:137)
	at org.gradle.internal.remote.internal.hub.MessageHub$Handler.run(MessageHub.java:404)
	at org.gradle.internal.concurrent.ExecutorPolicy$CatchAndRecordFailures.onExecute(ExecutorPolicy.java:63)
	at org.gradle.internal.concurrent.ManagedExecutorImpl$1.run(ManagedExecutorImpl.java:46)
	at java.util.concurrent.ThreadPoolExecutor.runWorker(ThreadPoolExecutor.java:1149)
	at java.util.concurrent.ThreadPoolExecutor$Worker.run(ThreadPoolExecutor.java:624)
	at org.gradle.internal.concurrent.ThreadFactoryImpl$ManagedThreadRunnable.run(ThreadFactoryImpl.java:55)
	at java.lang.Thread.run(Thread.java:748)
Exception in thread "pool-11-thread-1" java.lang.RuntimeException: com.opencsv.exceptions.CsvRequiredFieldEmptyException: The following required fields were not present for one record of the input: sixs
	at com.opencsv.bean.concurrent.ProcessCsvLine.run(ProcessCsvLine.java:91)
	at java.util.concurrent.ThreadPoolExecutor.runWorker(ThreadPoolExecutor.java:1149)
	at java.util.concurrent.ThreadPoolExecutor$Worker.run(ThreadPoolExecutor.java:624)
	at java.lang.Thread.run(Thread.java:748)
Caused by: com.opencsv.exceptions.CsvRequiredFieldEmptyException: The following required fields were not present for one record of the input: sixs
	at com.opencsv.bean.HeaderColumnNameMappingStrategy.verifyLineLength(HeaderColumnNameMappingStrategy.java:148)
	at com.opencsv.bean.concurrent.ProcessCsvLine.processLine(ProcessCsvLine.java:122)
	at com.opencsv.bean.concurrent.ProcessCsvLine.run(ProcessCsvLine.java:82)
	... 3 more
]]></system-err>
</testsuite>
