<?xml version="1.0" encoding="UTF-8"?>
<testsuite name="CricketAnalyserTest" tests="1" skipped="0" failures="0" errors="0" timestamp="2020-01-20T10:57:16" hostname="admin1-HP-EliteBook-Folio-9480m" time="0.556">
  <properties/>
  <testcase name="givenLeagueDataCSVFile_whenSortedOnStrikeRate_shouldReturnLowestAverage" classname="CricketAnalyserTest" time="0.556"/>
  <system-out><![CDATA[]]></system-out>
  <system-err><![CDATA[]]></system-err>
</testsuite>
